<?xml version="1.0" encoding="UTF-8"?>
<rss xmlns:content="http://purl.org/rss/1.0/modules/content/" xmlns:media="http://search.yahoo.com/mrss/" version="2.0">
  <channel>
    <title>Channel title</title>
    <link>http://fshwebt.skynewsarabia.com/web/home</link>
    <description>channel Desc</description>
    <language>en-us</language>
    <copyright>Copyright 2013, Sky News Arabia. All Rights Reserved</copyright>
    <lastBuildDate>Thu, 13 Apr 2017 08:28:22 GMT</lastBuildDate>
    <category>MyHome</category>
    <image>
      <title>channel image title</title>
      <url>http://fshwebt.skynewsarabia.com/web/asset/11.9/images/logo_tiny.png</url>
      <link>http://fshwebt.skynewsarabia.com/web/home</link>
      <width>12</width>
      <height>12</height>
    </image>
    <item>
      <title>غغغغغغغغغغغ ويقول مؤسس فرقة دانزا فوليومينوزا خوان تننتز ميغيل ماس إن "الفتيات</title>
      <link>http://fshwebt.skynewsarabia.com/web/article/942051</link>
      <description>ويقول مؤسس فرقة دانزا فوليومينوزا خوان ميغيل ماس إن "الفتيات لا يأتين للاستوديو لإنقاص وزنهن، بل ليشعرن بأنهن راقصات باليه"، و"التعبير عن أنفسهن بالحركة".</description>
      <pubDate>Thu, 20 Apr 2017 13:19:09 GMT</pubDate>
      <author>أبوظبي - سكاي نيوز عربية</author>
      <guid isPermaLink="false">942051</guid>
      <content:encoded><![CDATA[
        <section class="type:slideshow">
              <figure  dir="rtl">
                <!-- orange image -->
                <img dir="rtl" src="http://i.imgur.com/lhNcWOr.png" />
                <figcaption dir="rtl" >orange caption
                  <span  dir="rtl" class="copyright">my orange attr caption</span>
                </figcaption>
              </figure>

              <figure dir="rtl">
                <!-- blue image -->
                <img dir="rtl" src="http://i.imgur.com/EZS7lTt.png" />
                <figcaption dir="rtl" >blue caption
                  <span  dir="rtl" class="copyright">my blue attr caption</span>
                </figcaption>
              </figure>

              <figure dir="rtl">
                <!-- yellow image -->
                <img dir="rtl" src="http://i.imgur.com/gNEE7s3.png" />
                <figcaption dir="rtl" >yellow caption
                  <span  dir="rtl" class="copyright">my yellow attr caption</span>
                </figcaption>
              </figure>
         </section>


        ]]></content:encoded>
      
    </item>
     
  </channel>
</rss>
