<?xml version="1.0" encoding="UTF-8"?>
<rss xmlns:content="http://purl.org/rss/1.0/modules/content/" xmlns:media="http://search.yahoo.com/mrss/" version="2.0">
  <channel>
    <title>Channel title</title>
    <link>http://fshwebt.skynewsarabia.com/web/home</link>
    <description>channel Desc</description>
    <language>en-us</language>
    <copyright>Copyright 2013, Sky News Arabia. All Rights Reserved</copyright>
    <lastBuildDate>Thu, 13 Apr 2017 08:28:22 GMT</lastBuildDate>
    <category>MyHome</category>
    <image>
      <title>channel image title</title>
      <url>http://fshwebt.skynewsarabia.com/web/asset/11.9/images/logo_tiny.png</url>
      <link>http://fshwebt.skynewsarabia.com/web/home</link>
      <width>12</width>
      <height>12</height>
    </image>
    <item>
      <title>my item 1 title</title>
      <link>http://fshwebt.skynewsarabia.com/web/article/926698</link>
      <description>my item 1 desc</description>
      <pubDate><![CDATA[Updated 22 hours ago]]></pubDate>
      <guid isPermaLink="false">926698</guid>
      <content:encoded><![CDATA[
          <p>Testing1 Para</p>
          <p>Testing Para</p>
          <p>Testing Para</p>
          <p>Testing Para</p>
          <p>Testing Para</p>
          <figure>
            <img src="http://i.imgur.com/RYh8lge.png" />
            <figcaption>he he caption
              <span class="copyright">my attr hehehe</span>
            </figcaption>
          </figure>

        ]]></content:encoded>


      <media:content url="http://i.imgur.com/sMcPjOq.png">
        <media:thumbnail url="http://i.imgur.com/sMcPjOq.png" />
      </media:content>
    </item>

    <item>
      <title>my item 2 title</title>
      <link>http://fshwebt.skynewsarabia.com/web/article/926697</link>
      <description>my item 1 desc</description>
      <pubDate><![CDATA[Updated 22 hours ago]]></pubDate>
      <guid isPermaLink="false">926697</guid>
      <content:encoded><![CDATA[
          <p>Testing1 Para</p>
          <p>Testing Para</p>
          <p>Testing Para</p>
          <p>Testing Para</p>
          <p>Testing Para</p>
          <figure>
            <img src="http://i.imgur.com/RYh8lge.png" />
            <figcaption>he he caption
              <span class="copyright">my attr hehehe</span>
            </figcaption>
          </figure>
          <p>Testing Para</p>
          <p>Testing Para</p>
          <figure>
            <img src="http://i.imgur.com/OSfUbqc.png" />
            <figcaption>he he caption1
            </figcaption>
          </figure>


        ]]></content:encoded>


      <media:content url="http://i.imgur.com/sMcPjOq.png">
        <media:thumbnail url="http://i.imgur.com/sMcPjOq.png" />
      </media:content>

      <media:content url="http://i.imgur.com/N7KZs0Z.png">
        <media:thumbnail url="http://i.imgur.com/N7KZs0Z.png" />
        <media:title type="plain">The Judy's -- The Moo Song</media:title>
        <media:description type="plain">This was some really bizarre band I listened to as a young lad.</media:description>
        <media:keywords>kitty, cat, big dog, yarn, fluffy</media:keywords>
      </media:content>


    </item>

    <item>
      <title>my item 3 title</title>
      <link>http://fshwebt.skynewsarabia.com/web/article/926696</link>
      <description>my item 3 desc</description>
      <pubDate><![CDATA[Updated 22 hours ago]]></pubDate>
      <guid isPermaLink="false">926696</guid>
      <content:encoded><![CDATA[
          <p>Testing3 Para</p>
          <p>svsf Para</p>
          <p>Testsfvfing Para</p>
          <p>Testing Para</p>
          <p>Testssfbsing Para</p>
          <figure>
            <img src="http://i.imgur.com/RYh8lge.png" />
            <figcaption>he he caption
              <span class="copyright">my attr hehehe</span>
            </figcaption>
          </figure>

        ]]></content:encoded>


      <media:content url="http://i.imgur.com/sMcPjOq.png">
        <media:thumbnail url="http://i.imgur.com/sMcPjOq.png" />
      </media:content>
    </item>


    
  </channel>
</rss>