<?xml version="1.0" encoding="UTF-8"?>
<rss xmlns:content="http://purl.org/rss/1.0/modules/content/" xmlns:media="http://search.yahoo.com/mrss/" version="2.0">
  <channel>
    <title>Channel title</title>
    <link>http://fshwebt.skynewsarabia.com/web/home</link>
    <description>channel Desc</description>
    <language>en-us</language>
    <copyright>Copyright 2013, Sky News Arabia. All Rights Reserved</copyright>
    <lastBuildDate>Thu, 13 Apr 2017 08:28:22 GMT</lastBuildDate>
    <category>MyHome</category>
    <image>
      <title>channel image title</title>
      <url>http://fshwebt.skynewsarabia.com/web/asset/11.9/images/logo_tiny.png</url>
      <link>http://fshwebt.skynewsarabia.com/web/home</link>
      <width>12</width>
      <height>12</height>
    </image>
    <item>
      <title>my item 1 title</title>
      <link>http://fshwebt.skynewsarabia.com/web/article/926698</link>
      <description>my item 1 desc</description>
      <pubDate><![CDATA[Updated 22 hours ago]]></pubDate>
      <guid isPermaLink="false">926698</guid>
      <content:encoded><![CDATA[
          <p>Testing1 Para</p>
          <p>Testing Para</p>
          <p>Testing Para</p>
          <p>Testing Para</p>
          <p>Testing Para</p>
          <figure>
            <img src="http://i.imgur.com/RYh8lge.png" />
            <figcaption>he he caption
              <span class="copyright">my attr hehehe</span>
            </figcaption>
          </figure>

        ]]></content:encoded>


      <media:content url="http://i.imgur.com/sMcPjOq.png">
        <media:thumbnail url="http://i.imgur.com/sMcPjOq.png" />
      </media:content>
    </item>
    
  </channel>
</rss>