<?xml version="1.0" encoding="UTF-8"?>
<rss xmlns:content="http://purl.org/rss/1.0/modules/content/" xmlns:media="http://search.yahoo.com/mrss/" version="2.0">
  <channel>
    <title>Channel title</title>
    <link>http://fshwebt.skynewsarabia.com/web/home</link>
    <description>channel Desc</description>
    <language>en-us</language>
    <copyright>Copyright 2013, Sky News Arabia. All Rights Reserved</copyright>
    <lastBuildDate>Thu, 13 Apr 2017 08:28:22 GMT</lastBuildDate>
    <category>MyHome</category>
    <image>
      <title>channel image title</title>
      <url>http://fshwebt.skynewsarabia.com/web/asset/11.9/images/logo_tiny.png</url>
      <link>http://fshwebt.skynewsarabia.com/web/home</link>
      <width>12</width>
      <height>12</height>
    </image>
    <item>
      <title>بببببببب ويقول مؤسس فرقة دانزا فوليومينوزا خوان تننتز ميغيل ماس إن "الفتيات</title>
      <link>http://fshwebt.skynewsarabia.com/web/article/942052</link>
      <description>ويقول مؤسس فرقة دانزا فوليومينوزا خوان ميغيل ماس إن "الفتيات لا يأتين للاستوديو لإنقاص وزنهن، بل ليشعرن بأنهن راقصات باليه"، و"التعبير عن أنفسهن بالحركة".</description>
      <pubDate>Thu, 20 Apr 2017 13:19:09 GMT</pubDate>
      <author>أبوظبي - سكاي نيوز عربية</author>
      <guid isPermaLink="false">942052</guid>
      <content:encoded><![CDATA[<h3 align="right">بخصرهن الواسع وتنانيرهم البيضاء القصيرة، تتحدى فتيات كوبا السمينات الصورة النمطية عن راقصات الباليه ويرغبن في تغييرها.</h3>
<p align="right">ويقول مؤسس فرقة دانزا فوليومينوزا خوان ميغيل ماس إن &quot;الفتيات لا يأتين للاستوديو لإنقاص وزنهن، بل ليشعرن بأنهن راقصات باليه&quot;، و&quot;التعبير عن أنفسهن بالحركة&quot;.</p>
<section class="type:slideshow">
<p>Sky News Arabia</p>
<figure>
<img src="http://www.skynewsarabia.com/web/images/2017/04/19/941826/1416/800/1-941826.jpg" />
<figcaption >وصلت إلى المياه الإقليمية المصرية بالإسكندرية</figcaption>
</figure>
<figure>
<img src="http://www.skynewsarabia.com/web/images/2017/04/19/941823/1416/800/1-941823.jpg" />
<figcaption >الغواصة حديثة ومن طراز 1400/209</figcaption>
</figure>
<figure>
<img src="http://www.skynewsarabia.com/web/images/2017/04/19/941825/1416/800/1-941825.jpg" />
<figcaption >الغواصة الجديدة قادرة على الإبحار لمسافة 11 ألف ميل بحري</figcaption>
</figure>
<figure>
<img src="http://www.skynewsarabia.com/web/images/2017/04/19/941827/1416/800/1-941827.jpg" />
<figcaption >يتراوح طولها من 60 إلى 73 مترا</figcaption>
</figure>
<figure>
<img src="http://www.skynewsarabia.com/web/images/2017/04/19/941829/1416/800/1-941829.jpg" />
<figcaption >تبلغ السرعة القصوى لها 40 كم في الساعة تحت الماء</figcaption>
</figure>
<figure>
<img src="http://www.skynewsarabia.com/web/images/2017/04/19/941828/1416/800/1-941828.jpg" />
<figcaption >أقصى عمق للغواصة 500 متر</figcaption>
</figure>
<figure>
<img src="http://www.skynewsarabia.com/web/images/2017/04/19/941830/1416/800/1-941830.jpg" />
<figcaption >بها مخزن يسع 14 طوربيدا</figcaption>
</figure>
<figure>
<img src="http://www.skynewsarabia.com/web/images/2017/04/19/941831/1416/800/1-941831.jpg" />
<figcaption >لديها القدرة على إطلاق صواريخ "الهاربون" البحرية</figcaption>
</figure>
<p>test</p>
</section>

<section  class="type:slideshow">
            <p> tt</p>
              <figure  >
                <!-- orange image -->
                <img  src="http://i.imgur.com/lhNcWOr.png" />
                <figcaption  >orange caption
                  <span  class="copyright">my orange attr caption</span>
                </figcaption>
              </figure>

              <figure >
                <!-- blue image -->
                <img  src="http://i.imgur.com/EZS7lTt.png" />
                <figcaption  >blue caption
                  <span   class="copyright">my blue attr caption</span>
                </figcaption>
              </figure>

              <figure >
                <!-- yellow image -->
                <img  src="http://i.imgur.com/gNEE7s3.png" />
                <figcaption  >yellow caption
                  <span   class="copyright">my yellow attr caption</span>
                </figcaption>
              </figure>
            <p>test para</p>
          <p>test para</p>
          <p>test para</p>
          <p>test para</p>
              
         </section>

         <section  class="type:slideshow">
            <p> tt</p>
              <figure  >
                <!-- orange image -->
                <img  src="http://i.imgur.com/lhNcWOr.png" />
                <figcaption  >orange caption</figcaption>
              </figure>

              <figure >
                <!-- blue image -->
                <img  src="http://i.imgur.com/EZS7lTt.png" />
                <figcaption  >blue caption</figcaption>
              </figure>

              <figure >
                <!-- yellow image -->
                <img  src="http://i.imgur.com/gNEE7s3.png" />
                <figcaption  >yellow caption</figcaption>
              </figure>
            <p>test para</p>
              
         </section>

         <section  class="type:slideshow">
            <p> tt</p>
              <figure  >
                <!-- orange image -->
                <img  src="http://i.imgur.com/lhNcWOr.png" />
                <figcaption>مصر</figcaption>
              </figure>

              <figure >
                <!-- blue image -->
                <img  src="http://i.imgur.com/EZS7lTt.png" />
                <figcaption>النحيلات اللاتي يتلقين</figcaption>
              </figure>

              <figure >
                <!-- yellow image -->
                <img  src="http://i.imgur.com/gNEE7s3.png" />
                <figcaption>المئة من سكانها يعانون من </figcaption>
              </figure>
            <p>test para</p>
              
         </section>

<p>   وتشتهر كوبا بالراقصات النحيلات اللاتي يتلقين تدريبات صارمة، إلا أن 44 في المئة من سكانها يعانون من السمنة وفقا لأرقام 2012.</p>
<p align="right">وتزن فتيات فوليومينوزا بين 100 إلى 120 كيلوغراما، وكانت فكرة الاستوديو لإيجاد مساحة للأجسام الغير لينة، وتدريبها لتصبح أكثر ليونة، مما يحسن أيضا العلاقة الاجتماعية للفتاة السمينة.</p>
<figure >
<iframe width="560" height="315" src="https://www.youtube.com/embed/GQ62jH8fUcQ" frameborder="0" allowfullscreen></iframe>
</figure>
<p>   وعمل ماس مدة 20 عاما على دراسة واستكشاف السبل لجعل الأجسام السمينة تتحرك بشكل &quot;جمالي وفني&quot;، وتطوير حركات أنيقة تتناسب مع حجم الجسم الكبير.</p>
<p>وأدى الفريق عدة عروض للجمهور، إلا أن ماس يقول إن الفتيات تعرضن للسخرية والضحك في بادئ الأمر، لكن سرعان ما تغيرت وجهة نظر الجمهور بعد أن شاهدوا طريقة العمل المثيرة للإعجاب التي انتهجتها الفتيات بالرقص، وصفقوا لهن عند النهاية</p>]]></content:encoded>
      <media:content url="http://fshwebt.skynewsarabia.com/web/images/2015/11/18/792129/1416/800/1-792129.jpg">
        <media:description>ويقول مؤسس فرقة دانزا فوليومينوزا 78</media:description>
        <media:thumbnail url="http://fshwebt.skynewsarabia.com/web/images/2015/11/18/792129/1416/800/1-792129.jpg" />
        <media:title>ويقول مؤسس فرقة دانزا فوليومينوزا 78</media:title>
      </media:content>
    </item>
    <item>
      <title>ويقول مؤسس فرقة دانزا فوليومينوزا خوان ميغيل ماس إن "الفتيات</title>
      <link>http://fshwebt.skynewsarabia.com/web/article/942053</link>
      <description>ويقول مؤسس فرقة دانزا فوليومينوزا خوان ميغيل ماس إن "الفتيات لا يأتين للاستوديو لإنقاص وزنهن، بل ليشعرن بأنهن راقصات باليه"، و"التعبير عن أنفسهن بالحركة".</description>
      <pubDate>Thu, 20 Apr 2017 13:19:09 GMT</pubDate>
      <author>أبوظبي - سكاي نيوز عربية</author>
      <guid isPermaLink="false">942053</guid>
      <content:encoded><![CDATA[<h3 align="right">بخصرهن الواسع وتنانيرهم البيضاء القصيرة، تتحدى فتيات كوبا السمينات الصورة النمطية عن راقصات الباليه ويرغبن في تغييرها.</h3>
<p align="right">ويقول مؤسس فرقة دانزا فوليومينوزا خوان ميغيل ماس إن &quot;الفتيات لا يأتين للاستوديو لإنقاص وزنهن، بل ليشعرن بأنهن راقصات باليه&quot;، و&quot;التعبير عن أنفسهن بالحركة&quot;.</p>
<section class="type:slideshow">
<p>Sky News Arabia</p>
<figure>
<img src="http://www.skynewsarabia.com/web/images/2017/04/19/941826/1416/800/1-941826.jpg" />
<figcaption >وصلت إلى المياه الإقليمية المصرية بالإسكندرية</figcaption>
</figure>
<figure>
<img src="http://www.skynewsarabia.com/web/images/2017/04/19/941823/1416/800/1-941823.jpg" />
<figcaption >الغواصة حديثة ومن طراز 1400/209</figcaption>
</figure>
<figure>
<img src="http://www.skynewsarabia.com/web/images/2017/04/19/941825/1416/800/1-941825.jpg" />
<figcaption >الغواصة الجديدة قادرة على الإبحار لمسافة 11 ألف ميل بحري</figcaption>
</figure>
<figure>
<img src="http://www.skynewsarabia.com/web/images/2017/04/19/941827/1416/800/1-941827.jpg" />
<figcaption >يتراوح طولها من 60 إلى 73 مترا</figcaption>
</figure>
<figure>
<img src="http://www.skynewsarabia.com/web/images/2017/04/19/941829/1416/800/1-941829.jpg" />
<figcaption >تبلغ السرعة القصوى لها 40 كم في الساعة تحت الماء</figcaption>
</figure>
<figure>
<img src="http://www.skynewsarabia.com/web/images/2017/04/19/941828/1416/800/1-941828.jpg" />
<figcaption >أقصى عمق للغواصة 500 متر</figcaption>
</figure>
<figure>
<img src="http://www.skynewsarabia.com/web/images/2017/04/19/941830/1416/800/1-941830.jpg" />
<figcaption >بها مخزن يسع 14 طوربيدا</figcaption>
</figure>
<figure>
<img src="http://www.skynewsarabia.com/web/images/2017/04/19/941831/1416/800/1-941831.jpg" />
<figcaption >لديها القدرة على إطلاق صواريخ "الهاربون" البحرية</figcaption>
</figure>
<p>test</p>
</section>
<p>   وتشتهر كوبا بالراقصات النحيلات اللاتي يتلقين تدريبات صارمة، إلا أن 44 في المئة من سكانها يعانون من السمنة وفقا لأرقام 2012.</p>
<p align="right">وتزن فتيات فوليومينوزا بين 100 إلى 120 كيلوغراما، وكانت فكرة الاستوديو لإيجاد مساحة للأجسام الغير لينة، وتدريبها لتصبح أكثر ليونة، مما يحسن أيضا العلاقة الاجتماعية للفتاة السمينة.</p>
<figure >
<iframe width="560" height="315" src="https://www.youtube.com/embed/GQ62jH8fUcQ" frameborder="0" allowfullscreen></iframe>
</figure>
<p>   وعمل ماس مدة 20 عاما على دراسة واستكشاف السبل لجعل الأجسام السمينة تتحرك بشكل &quot;جمالي وفني&quot;، وتطوير حركات أنيقة تتناسب مع حجم الجسم الكبير.</p>
<p>وأدى الفريق عدة عروض للجمهور، إلا أن ماس يقول إن الفتيات تعرضن للسخرية والضحك في بادئ الأمر، لكن سرعان ما تغيرت وجهة نظر الجمهور بعد أن شاهدوا طريقة العمل المثيرة للإعجاب التي انتهجتها الفتيات بالرقص، وصفقوا لهن عند النهاية</p>]]></content:encoded>
      <media:content url="http://fshwebt.skynewsarabia.com/web/images/2015/11/18/792129/1416/800/1-792129.jpg">
        <media:description>ويقول مؤسس فرقة دانزا فوليومينوزا 78</media:description>
        <media:thumbnail url="http://fshwebt.skynewsarabia.com/web/images/2015/11/18/792129/1416/800/1-792129.jpg" />
        <media:title>ويقول مؤسس فرقة دانزا فوليومينوزا 78</media:title>
      </media:content>
    </item>
    <item>
      <title>333 Slide show test 2</title>
      <link>http://fshwebt.skynewsarabia.com/web/image_gallery/926670/</link>
      <description>test desc</description>
      <pubDate>Mon, 20 Apr 2017 09:48:21 GMT</pubDate>
      <guid isPermaLink="false">926670</guid>
      <content:encoded><![CDATA[
          <p>ولد الريحاني، الذي اشتهر بشخصية "كشكش بيه"، في 21 يناير عام 555</p>
          
          <section  class="type:slideshow">
            <p> tt</p>
              <figure  >
                <!-- orange image -->
                <img  src="http://i.imgur.com/lhNcWOr.png" />
                <figcaption  >orange caption
                  <span  class="copyright">my orange attr caption</span>
                </figcaption>
              </figure>

              <figure >
                <!-- blue image -->
                <img  src="http://i.imgur.com/EZS7lTt.png" />
                <figcaption  >blue caption
                  <span   class="copyright">my blue attr caption</span>
                </figcaption>
              </figure>

              <figure >
                <!-- yellow image -->
                <img  src="http://i.imgur.com/gNEE7s3.png" />
                <figcaption  >yellow caption
                  <span   class="copyright">my yellow attr caption</span>
                </figcaption>
              </figure>
            <p>test para</p>
          <p>test para</p>
          <p>test para</p>
          <p>test para</p>
              
         </section>

          <p>ولد الريحاني، الذي اشتهر بشخصية "كشكش بيه"، في 21 يناير عام 555</p>

        ]]></content:encoded>
      
      <!-- rose -->
       <media:content url="http://i.imgur.com/s2wkjg2.png">
        <media:thumbnail url="http://i.imgur.com/s2wkjg2.png" />
        <media:description>This is rose</media:description>
      </media:content>
    </item>
    <item>
      <title>000 Slide show test 2</title>
      <link>http://fshwebt.skynewsarabia.com/web/image_gallery/926674/</link>
      <description>test desc</description>
      <pubDate>Mon, 20 Apr 2017 08:39:21 GMT</pubDate>
      <guid isPermaLink="false">926674</guid>
      <content:encoded><![CDATA[
          <p>ولد الريحاني، الذي اشتهر بشخصية "كشكش بيه"، في 21 يناير عام 555</p>
          <p> </p>
          <section dir="ltr" class="type:slideshow">
              <figure  >
                <!-- orange image -->
                <img  src="http://i.imgur.com/lhNcWOr.png" />
                <figcaption  >orange caption
                  <span   class="copyright">my orange attr caption</span>
                </figcaption>
              </figure>

              <figure >
                <!-- blue image -->
                <img  src="http://i.imgur.com/EZS7lTt.png" />
                <figcaption  >blue caption
                  <span  " class="copyright">my blue attr caption</span>
                </figcaption>
              </figure>

              <figure >
                <!-- yellow image -->
                <img  src="http://i.imgur.com/gNEE7s3.png" />
                <figcaption  >yellow caption
                  <span   class="copyright">my yellow attr caption</span>
                </figcaption>
              </figure>
            <p>test para</p>
          <p>test para</p>
          <p>test para</p>
          <p>test para</p>
              
         </section>

          <p>ولد الريحاني، الذي اشتهر بشخصية "كشكش بيه"، في 21 يناير عام 555</p>

        ]]></content:encoded>
      
      <!-- rose -->
       <media:content url="http://i.imgur.com/s2wkjg2.png">
        <media:thumbnail url="http://i.imgur.com/s2wkjg2.png" />
        <media:description>This is rose</media:description>
      </media:content>
    </item>
    <item>
      <title>111 Slide show test 2</title>
      <link>http://fshwebt.skynewsarabia.com/web/image_gallery/926675/</link>
      <description>test desc</description>
      <pubDate>Mon, 20 Apr 2017 07:39:21 GMT</pubDate>
      <guid isPermaLink="false">926675</guid>
      <content:encoded><![CDATA[
          <p>ولد الريحاني، الذي اشتهر بشخصية "كشكش بيه"، في 21 يناير عام 555</p>
          
          <section lang="en" class="type:slideshow">
              <figure  >
                <!-- orange image -->
                <img  src="http://i.imgur.com/lhNcWOr.png" />
                <figcaption  >orange caption
                  <span   class="copyright">my orange attr caption</span>
                </figcaption>
              </figure>

              <figure >
                <!-- blue image -->
                <img  src="http://i.imgur.com/EZS7lTt.png" />
                <figcaption  >blue caption
                  <span  class="copyright">my blue attr caption</span>
                </figcaption>
              </figure>

              <figure >
                <!-- yellow image -->
                <img  src="http://i.imgur.com/gNEE7s3.png" />
                <figcaption  >yellow caption
                  <span   class="copyright">my yellow attr caption</span>
                </figcaption>
              </figure>
            <p>test para</p>
          <p>test para</p>
          <p>test para</p>
          <p>test para</p>
              
         </section>

          <p>ولد الريحاني، الذي اشتهر بشخصية "كشكش بيه"، في 21 يناير عام 555</p>

        ]]></content:encoded>
      
      <!-- rose -->
       <media:content url="http://i.imgur.com/s2wkjg2.png">
        <media:thumbnail url="http://i.imgur.com/s2wkjg2.png" />
        <media:description>This is rose</media:description>
      </media:content>
    </item>
    <item>
      <title>222 Slide show test 2</title>
      <link>http://fshwebt.skynewsarabia.com/web/image_gallery/926673/</link>
      <description>test desc</description>
      <pubDate>Mon, 20 Apr 2017 06:40:21 GMT</pubDate>
      <guid isPermaLink="false">926673</guid>
      <content:encoded><![CDATA[
          <p>ولد الريحاني، الذي اشتهر بشخصية "كشكش بيه"، في 21 يناير عام 555</p>
          
          <section dir="rtl" class="type:slideshow">
            <p> tt</p>
              <figure  dir="rtl">
                <!-- orange image -->
                <img dir="rtl" src="http://i.imgur.com/lhNcWOr.png" />
                <figcaption dir="rtl" >orange caption
                  <span  dir="rtl" class="copyright">my orange attr caption</span>
                </figcaption>
              </figure>

              <figure dir="rtl">
                <!-- blue image -->
                <img dir="rtl" src="http://i.imgur.com/EZS7lTt.png" />
                <figcaption dir="rtl" >blue caption
                  <span  dir="rtl" class="copyright">my blue attr caption</span>
                </figcaption>
              </figure>

              <figure dir="rtl">
                <!-- yellow image -->
                <img dir="rtl" src="http://i.imgur.com/gNEE7s3.png" />
                <figcaption dir="rtl" >yellow caption
                  <span  dir="rtl" class="copyright">my yellow attr caption</span>
                </figcaption>
              </figure>
            <p>test para</p>
          <p>test para</p>
          <p>test para</p>
          <p>test para</p>
              
         </section>

          <p>ولد الريحاني، الذي اشتهر بشخصية "كشكش بيه"، في 21 يناير عام 555</p>

        ]]></content:encoded>
      
      <!-- rose -->
       <media:content url="http://i.imgur.com/s2wkjg2.png">
        <media:thumbnail url="http://i.imgur.com/s2wkjg2.png" />
        <media:description>This is rose</media:description>
      </media:content>
    </item>
    <item>
      <title>999 Slide show test 2</title>
      <link>http://fshwebt.skynewsarabia.com/web/image_gallery/926678/</link>
      <description>test desc</description>
      <pubDate>Mon, 20 Apr 2017 06:39:21 GMT</pubDate>
      <guid isPermaLink="false">926678</guid>
      <content:encoded><![CDATA[
          <p>ولد الريحاني، الذي اشتهر بشخصية "كشكش بيه"، في 21 يناير عام 555</p>
          <p> </p>
          <section dir="rtl" class="type:slideshow">
              <figure  dir="rtl">
                <!-- orange image -->
                <img dir="rtl" src="http://i.imgur.com/lhNcWOr.png" />
                <figcaption dir="rtl" >orange caption
                  <span  dir="rtl" class="copyright">my orange attr caption</span>
                </figcaption>
              </figure>

              <figure dir="rtl">
                <!-- blue image -->
                <img dir="rtl" src="http://i.imgur.com/EZS7lTt.png" />
                <figcaption dir="rtl" >blue caption
                  <span  dir="rtl" class="copyright">my blue attr caption</span>
                </figcaption>
              </figure>

              <figure dir="rtl">
                <!-- yellow image -->
                <img dir="rtl" src="http://i.imgur.com/gNEE7s3.png" />
                <figcaption dir="rtl" >yellow caption
                  <span  dir="rtl" class="copyright">my yellow attr caption</span>
                </figcaption>
              </figure>
            <p>test para</p>
          <p>test para</p>
          <p>test para</p>
          <p>test para</p>
              
         </section>

          <p>ولد الريحاني، الذي اشتهر بشخصية "كشكش بيه"، في 21 يناير عام 555</p>

        ]]></content:encoded>
      
      <!-- rose -->
       <media:content url="http://i.imgur.com/s2wkjg2.png">
        <media:thumbnail url="http://i.imgur.com/s2wkjg2.png" />
        <media:description>This is rose</media:description>
      </media:content>
    </item>
    <item>
      <title>888 Slide show test 2</title>
      <link>http://fshwebt.skynewsarabia.com/web/image_gallery/926678/</link>
      <description>test desc</description>
      <pubDate>Mon, 20 Apr 2017 05:56:21 GMT</pubDate>
      <guid isPermaLink="false">926678</guid>
      <content:encoded><![CDATA[
          <p>ولد الريحاني، الذي اشتهر بشخصية "كشكش بيه"، في 21 يناير عام 555</p>
          <p>&nbsp;</p>
          <section dir="rtl" class="type:slideshow">
              <figure  dir="rtl">
                <!-- orange image -->
                <img dir="rtl" src="http://i.imgur.com/lhNcWOr.png" />
                <figcaption dir="rtl" >orange caption
                  <span  dir="rtl" class="copyright">my orange attr caption</span>
                </figcaption>
              </figure>

              <figure dir="rtl">
                <!-- blue image -->
                <img dir="rtl" src="http://i.imgur.com/EZS7lTt.png" />
                <figcaption dir="rtl" >blue caption
                  <span  dir="rtl" class="copyright">my blue attr caption</span>
                </figcaption>
              </figure>

              <figure dir="rtl">
                <!-- yellow image -->
                <img dir="rtl" src="http://i.imgur.com/gNEE7s3.png" />
                <figcaption dir="rtl" >yellow caption
                  <span  dir="rtl" class="copyright">my yellow attr caption</span>
                </figcaption>
              </figure>
            <p>test para</p>
          <p>test para</p>
          <p>test para</p>
          <p>test para</p>
              
         </section>

          <p>ولد الريحاني، الذي اشتهر بشخصية "كشكش بيه"، في 21 يناير عام 555</p>

        ]]></content:encoded>
      
      <!-- rose -->
       <media:content url="http://i.imgur.com/s2wkjg2.png">
        <media:thumbnail url="http://i.imgur.com/s2wkjg2.png" />
        <media:description>This is rose</media:description>
      </media:content>
    </item>
    <item>
      <title>777 Slide show test 2</title>
      <link>http://fshwebt.skynewsarabia.com/web/image_gallery/926679/</link>
      <description>test desc</description>
      <pubDate>Mon, 20 Apr 2017 05:39:21 GMT</pubDate>
      <guid isPermaLink="false">926679</guid>
      <content:encoded><![CDATA[
          <p>ولد الريحاني، الذي اشتهر بشخصية "كشكش بيه"، في 21 يناير عام 555</p>
          <p>t</p>
          <section dir="rtl" class="type:slideshow">
              <figure  dir="rtl">
                <!-- orange image -->
                <img dir="rtl" src="http://i.imgur.com/lhNcWOr.png" />
                <figcaption dir="rtl" >orange caption
                  <span  dir="rtl" class="copyright">my orange attr caption</span>
                </figcaption>
              </figure>

              <figure dir="rtl">
                <!-- blue image -->
                <img dir="rtl" src="http://i.imgur.com/EZS7lTt.png" />
                <figcaption dir="rtl" >blue caption
                  <span  dir="rtl" class="copyright">my blue attr caption</span>
                </figcaption>
              </figure>

              <figure dir="rtl">
                <!-- yellow image -->
                <img dir="rtl" src="http://i.imgur.com/gNEE7s3.png" />
                <figcaption dir="rtl" >yellow caption
                  <span  dir="rtl" class="copyright">my yellow attr caption</span>
                </figcaption>
              </figure>
            <p>test para</p>
          <p>test para</p>
          <p>test para</p>
          <p>test para</p>
              
         </section>

          <p>ولد الريحاني، الذي اشتهر بشخصية "كشكش بيه"، في 21 يناير عام 555</p>

        ]]></content:encoded>
      
      <!-- rose -->
       <media:content url="http://i.imgur.com/s2wkjg2.png">
        <media:thumbnail url="http://i.imgur.com/s2wkjg2.png" />
        <media:description>This is rose</media:description>
      </media:content>
    </item>
    <item>
      <title>666 Slide show test 2</title>
      <link>http://fshwebt.skynewsarabia.com/web/image_gallery/926680/</link>
      <description>test desc</description>
      <pubDate>Mon, 19 Apr 2017 05:39:21 GMT</pubDate>
      <guid isPermaLink="false">926680</guid>
      <content:encoded><![CDATA[
          <p>ولد الريحاني، الذي اشتهر بشخصية "كشكش بيه"، في 21 يناير عام 555</p>
          <section dir="rtl" class="type:slideshow">
              <figure  dir="rtl">
                <!-- orange image -->
                <img dir="rtl" src="http://i.imgur.com/lhNcWOr.png" />
                <figcaption dir="rtl" >orange caption
                  <span  dir="rtl" class="copyright">my orange attr caption</span>
                </figcaption>
              </figure>

              <figure dir="rtl">
                <!-- blue image -->
                <img dir="rtl" src="http://i.imgur.com/EZS7lTt.png" />
                <figcaption dir="rtl" >blue caption
                  <span  dir="rtl" class="copyright">my blue attr caption</span>
                </figcaption>
              </figure>

              <figure dir="rtl">
                <!-- yellow image -->
                <img dir="rtl" src="http://i.imgur.com/gNEE7s3.png" />
                <figcaption dir="rtl" >yellow caption
                  <span  dir="rtl" class="copyright">my yellow attr caption</span>
                </figcaption>
              </figure>
            <p>test para</p>
          <p>test para</p>
          <p>test para</p>
          <p>test para</p>
              
         </section>

          <p>ولد الريحاني، الذي اشتهر بشخصية "كشكش بيه"، في 21 يناير عام 555</p>

        ]]></content:encoded>
      
      <!-- rose -->
       <media:content url="http://i.imgur.com/s2wkjg2.png">
        <media:thumbnail url="http://i.imgur.com/s2wkjg2.png" />
        <media:description>This is rose</media:description>
      </media:content>
    </item>
    <item>
      <title>555 Slide show test 2</title>
      <link>http://fshwebt.skynewsarabia.com/web/image_gallery/926681/</link>
      <description>test desc</description>
      <pubDate>Mon, 19 Apr 2017 05:39:21 GMT</pubDate>
      <guid isPermaLink="false">926681</guid>
      <content:encoded><![CDATA[
          <p>test para</p>
          <p>test para</p>
          <p>test para</p>
          <p>test para</p>
          <p>ولد الريحاني، الذي اشتهر بشخصية "كشكش بيه"، في 21 يناير عام 555</p>
          <figure>
            <!-- red image -->
            <video  poster="http://i.imgur.com/hjLRqIR.png" src="http://fshwebt.skynewsarabia.com/media/videos/2017/03/11/LVO-191627SA-WEB-CHN-PANDA_2017-03-11_19%3A19%3A12.mp4" ></video>
            <figcaption>video red caption
              <span class="copyright">my red video attr caption</span>
            </figcaption>
          </figure>

          <section dir="rtl" class="type:slideshow">
              <figure  dir="rtl">
                <!-- orange image -->
                <img dir="rtl" src="http://i.imgur.com/lhNcWOr.png" />
                <figcaption dir="rtl" >orange caption
                  <span  dir="rtl" class="copyright">my orange attr caption</span>
                </figcaption>
              </figure>

              <figure dir="rtl">
                <!-- blue image -->
                <img dir="rtl" src="http://i.imgur.com/EZS7lTt.png" />
                <figcaption dir="rtl" >blue caption
                  <span  dir="rtl" class="copyright">my blue attr caption</span>
                </figcaption>
              </figure>

              <figure dir="rtl">
                <!-- yellow image -->
                <img dir="rtl" src="http://i.imgur.com/gNEE7s3.png" />
                <figcaption dir="rtl" >yellow caption
                  <span  dir="rtl" class="copyright">my yellow attr caption</span>
                </figcaption>
              </figure>
            <p>test para</p>
          <p>test para</p>
          <p>test para</p>
          <p>test para</p>
              
         </section>

          <p>ولد الريحاني، الذي اشتهر بشخصية "كشكش بيه"، في 21 يناير عام 555</p>

        ]]></content:encoded>
      
      <!-- rose -->
       <media:content url="http://i.imgur.com/s2wkjg2.png">
        <media:thumbnail url="http://i.imgur.com/s2wkjg2.png" />
        <media:description>This is rose</media:description>
      </media:content>
    </item>
    <item>
      <title>33 Slide show test 2</title>
      <link>http://fshwebt.skynewsarabia.com/web/image_gallery/926685/</link>
      <description>test desc</description>
      <pubDate>Mon, 19 Apr 2017 05:39:21 GMT</pubDate>
      <guid isPermaLink="false">926685</guid>
      <content:encoded><![CDATA[
          <p>test para</p>
          <p>test para</p>
          <p>test para</p>
          <p>test para</p>
          <p>ولد الريحاني، الذي اشتهر بشخصية "كشكش بيه"، في 21 يناير عام 555</p>
          <figure>
            <!-- red image -->
            <video  poster="http://i.imgur.com/hjLRqIR.png" src="http://fshwebt.skynewsarabia.com/media/videos/2017/03/11/LVO-191627SA-WEB-CHN-PANDA_2017-03-11_19%3A19%3A12.mp4" ></video>
            <figcaption>video red caption
              <span class="copyright">my red video attr caption</span>
            </figcaption>
          </figure>

          <section dir="rtl" class="type:slideshow">
              <figure  dir="rtl">
                <!-- orange image -->
                <img dir="rtl" src="http://i.imgur.com/lhNcWOr.png" />
                <figcaption dir="rtl" >orange caption
                  <span  dir="rtl" class="copyright">my orange attr caption</span>
                </figcaption>
              </figure>

              <figure dir="rtl">
                <!-- blue image -->
                <img dir="rtl" src="http://i.imgur.com/EZS7lTt.png" />
                <figcaption dir="rtl" >blue caption
                  <span  dir="rtl" class="copyright">my blue attr caption</span>
                </figcaption>
              </figure>

              <figure dir="rtl">
                <!-- yellow image -->
                <img dir="rtl" src="http://i.imgur.com/gNEE7s3.png" />
                <figcaption dir="rtl" >yellow caption
                  <span  dir="rtl" class="copyright">my yellow attr caption</span>
                </figcaption>
              </figure>
            <p>test para</p>
          <p>test para</p>
          <p>test para</p>
          <p>test para</p>
              
         </section>

          <p>ولد الريحاني، الذي اشتهر بشخصية "كشكش بيه"، في 21 يناير عام 555</p>

        ]]></content:encoded>
      
      <!-- rose -->
       <media:content url="http://i.imgur.com/s2wkjg2.png">
        <media:thumbnail url="http://i.imgur.com/s2wkjg2.png" />
        <media:description>This is rose</media:description>
      </media:content>
    </item>
   <item>
      <title>Slide show test</title>
      <link>http://fshwebt.skynewsarabia.com/web/image_gallery/926686/</link>
      <description>test desc</description>
      <pubDate>Mon, 19 Apr 2017 05:39:21 GMT</pubDate>
      <guid isPermaLink="false">926686</guid>
      <content:encoded><![CDATA[
          <p>ولد الريحاني، الذي اشتهر بشخصية "كشكش بيه"، في 21 يناير عام 555</p>

          <figure>
            <!-- red image -->
            <video  poster="http://i.imgur.com/hjLRqIR.png" src="http://fshwebt.skynewsarabia.com/media/videos/2017/03/11/LVO-191627SA-WEB-CHN-PANDA_2017-03-11_19%3A19%3A12.mp4" ></video>
            <figcaption>video red caption
              <span class="copyright">my red video attr caption</span>
            </figcaption>
          </figure>

          <section dir="ltr" class="type:slideshow">
              <figure  dir="ltr">
                <!-- orange image -->
                <img dir="ltr" src="http://i.imgur.com/lhNcWOr.png" />
                <figcaption >orange caption
                  <span class="copyright">my orange attr caption</span>
                </figcaption>
              </figure>

              <figure dir="ltr">
                <!-- blue image -->
                <img dir="ltr" src="http://i.imgur.com/EZS7lTt.png" />
                <figcaption >blue caption
                  <span class="copyright">my blue attr caption</span>
                </figcaption>
              </figure>

              <figure dir="ltr">
                <!-- yellow image -->
                <img dir="ltr" src="http://i.imgur.com/gNEE7s3.png" />
                <figcaption >yellow caption
                  <span class="copyright">my yellow attr caption</span>
                </figcaption>
              </figure>
         </section>

          <p>ولد الريحاني، الذي اشتهر بشخصية "كشكش بيه"، في 21 يناير عام 555</p>

        ]]></content:encoded>
      
      <!-- rose -->
       <media:content url="http://i.imgur.com/s2wkjg2.png">
        <media:thumbnail url="http://i.imgur.com/s2wkjg2.png" />
        <media:description>This is rose</media:description>
      </media:content>

     
    </item>

    <item>
      <title>44 Slide show test 2</title>
      <link>http://fshwebt.skynewsarabia.com/web/image_gallery/926684/</link>
      <description>test desc</description>
      <pubDate>Mon, 19 Apr 2017 05:39:21 GMT</pubDate>
      <guid isPermaLink="false">926684</guid>
      <content:encoded><![CDATA[
          <p>ولد الريحاني، الذي اشتهر بشخصية "كشكش بيه"، في 21 يناير عام 555</p>
          <figure>
            <!-- red image -->
            <video  poster="http://i.imgur.com/hjLRqIR.png" src="http://fshwebt.skynewsarabia.com/media/videos/2017/03/11/LVO-191627SA-WEB-CHN-PANDA_2017-03-11_19%3A19%3A12.mp4" ></video>
            <figcaption>video red caption
              <span class="copyright">my red video attr caption</span>
            </figcaption>
          </figure>
          <p>ولد الريحاني، الذي اشتهر بشخصية "كشكش بيه"، في 21 يناير عام 555</p>
          <p>ولد الريحاني، الذي اشتهر بشخصية "كشكش بيه"، في 21 يناير عام 555</p>
          <section dir="rtl" class="type:slideshow">
              <figure  dir="rtl">
                <!-- orange image -->
                <img dir="rtl" src="http://i.imgur.com/lhNcWOr.png" />
                <figcaption dir="rtl" >orange caption
                  <span  dir="rtl" class="copyright">my orange attr caption</span>
                </figcaption>
              </figure>

              <figure dir="rtl">
                <!-- blue image -->
                <img dir="rtl" src="http://i.imgur.com/EZS7lTt.png" />
                <figcaption dir="rtl" >blue caption
                  <span  dir="rtl" class="copyright">my blue attr caption</span>
                </figcaption>
              </figure>

              <figure dir="rtl">
                <!-- yellow image -->
                <img dir="rtl" src="http://i.imgur.com/gNEE7s3.png" />
                <figcaption dir="rtl" >yellow caption
                  <span  dir="rtl" class="copyright">my yellow attr caption</span>
                </figcaption>
              </figure>
         </section>

          <p>ولد الريحاني، الذي اشتهر بشخصية "كشكش بيه"، في 21 يناير عام 555</p>

        ]]></content:encoded>
      
      <!-- rose -->
       <media:content url="http://i.imgur.com/s2wkjg2.png">
        <media:thumbnail url="http://i.imgur.com/s2wkjg2.png" />
        <media:description>This is rose</media:description>
      </media:content>
    </item>
  </channel>
</rss>