<?xml version="1.0" encoding="UTF-8"?>
<rss xmlns:content="http://purl.org/rss/1.0/modules/content/" xmlns:media="http://search.yahoo.com/mrss/" version="2.0">
    <channel>
        <title>أخبار اليوم | سكاي نيوز عربية</title>
        <link>http://fshwebt.skynewsarabia.com/web/home</link>
        <description>الرئيسية</description>
        <language>ar-ae</language>
        <copyright>Copyright 2013, Sky News Arabia. All Rights Reserved</copyright>
        <lastBuildDate>Thu, 20 Apr 2017 12:14:54 GMT</lastBuildDate>
        <category>Home</category>
        <image>
            <title>أخبار اليوم | سكاي نيوز عربية</title>
            <url>http://fshwebt.skynewsarabia.com/web/asset/12.0/images/logo_tiny.png</url>
            <link>http://fshwebt.skynewsarabia.com/web/home</link>
            <width>1</width>
            <height>1</height>
        </image>
        <item>
            <title>وتزن فتيات فوليومينوزا بين 19988 إلى 120 كيلوغراما، وكانت فكرة</title>
            <link>http://fshwebt.skynewsarabia.com/web/article/926768</link>
            <description>وتزن فتيات فوليومينوزا بين 100 إلى 120 كيلوغراما، وكانت فكرة الاستوديو لإيجاد مساحة للأجسام الغير لينة، وتدريبها لتصبح أكثر ليونة، مما يحسن أيضا العلاقة الاجتماعية للفتاة السمينة</description>
            <pubDate>Thu, 20 Apr 2017 11:35:39 GMT</pubDate>
            <author>أبوظبي - سكاي نيوز عربية</author>
            <guid isPermaLink="false">926768</guid>
            <content:encoded>
                <![CDATA[
      	   <p>   وذكرت &quot;رودونغ سينمون&quot;، الصحيفة الرسمية لحزب العمال الحاكم في كوريا الشمالية: &quot;في حال توجيه ضربتنا الوقائية المهولة فلن تمحو فقط القوات الغازية الإمبريالية الأميركية تماما وعلى الفور في كوريا الجنوبية والمناطق المحيطة بها، بل في الأراضي الأميركية ذاتها، وتحولها إلى رماد&quot;.</p>
	       <section dir="rtl" class="type:slideshow">
              <figure  dir="rtl">
                <!-- orange image -->
                <img dir="rtl" src="http://i.imgur.com/lhNcWOr.png" />
                <figcaption dir="rtl" >orange caption
                  <span  dir="rtl" class="copyright">my orange attr caption</span>
                </figcaption>
              </figure>

              <figure dir="rtl">
                <!-- blue image -->
                <img dir="rtl" src="http://i.imgur.com/EZS7lTt.png" />
                <figcaption dir="rtl" >blue caption
                  <span  dir="rtl" class="copyright">my blue attr caption</span>
                </figcaption>
              </figure>

              <figure dir="rtl">
                <!-- yellow image -->
                <img dir="rtl" src="http://i.imgur.com/gNEE7s3.png" />
                <figcaption dir="rtl" >yellow caption
                  <span  dir="rtl" class="copyright">my yellow attr caption</span>
                </figcaption>
              </figure>
             <p>test para</p>
         	 <p>test para</p>
         	 <p>test para</p>
          	 <p>test para</p>
          </section>
		  <p>   وذكرت &quot;رودونغ سينمون&quot;، الصحيفة الرسمية لحزب العمال الحاكم في كوريا الشمالية: &quot;في حال توجيه ضربتنا الوقائية المهولة فلن تمحو فقط القوات الغازية الإمبريالية الأميركية تماما وعلى الفور في كوريا الجنوبية والمناطق المحيطة بها، بل في الأراضي الأميركية ذاتها، وتحولها إلى رماد&quot;.</p>
    ]]>
            </content:encoded>
            <media:content url="http://fshwebt.skynewsarabia.com/web/images/2017/04/20/926763/1416/800/1-926763.jpg">
                <media:thumbnail url="http://fshwebt.skynewsarabia.com/web/images/2017/04/20/926763/1416/800/1-926763.jpg" />
            </media:content>
        </item>
        <item>
            <title>وتزن فتيات فوليومينوزا بين 2000 إلى 120 كيلوغراما، وكانت فكرة</title>
            <link>http://fshwebt.skynewsarabia.com/web/article/926767</link>
            <description>وتزن فتيات فوليومينوزا بين 100 إلى 120 كيلوغراما، وكانت فكرة الاستوديو لإيجاد مساحة للأجسام الغير لينة، وتدريبها لتصبح أكثر ليونة، مما يحسن أيضا العلاقة الاجتماعية للفتاة السمينة</description>
            <pubDate>Thu, 20 Apr 2017 11:35:39 GMT</pubDate>
            <author>أبوظبي - سكاي نيوز عربية</author>
            <guid isPermaLink="false">926767</guid>
            <content:encoded>
                <![CDATA[
      	   <p>   وذكرت &quot;رودونغ سينمون&quot;، الصحيفة الرسمية لحزب العمال الحاكم في كوريا الشمالية: &quot;في حال توجيه ضربتنا الوقائية المهولة فلن تمحو فقط القوات الغازية الإمبريالية الأميركية تماما وعلى الفور في كوريا الجنوبية والمناطق المحيطة بها، بل في الأراضي الأميركية ذاتها، وتحولها إلى رماد&quot;.</p>
	       <section dir="ltr" class="type:slideshow">
              <figure  dir="ltr">
                <!-- orange image -->
                <img dir="ltr" src="http://i.imgur.com/lhNcWOr.png" />
                <figcaption dir="ltr" >orange caption
                  <span  dir="ltr" class="copyright">my orange attr caption</span>
                </figcaption>
              </figure>

              <figure dir="ltr">
                <!-- blue image -->
                <img dir="ltr" src="http://i.imgur.com/EZS7lTt.png" />
                <figcaption dir="ltr" >blue caption
                  <span  dir="ltr" class="copyright">my blue attr caption</span>
                </figcaption>
              </figure>

              <figure dir="ltr">
                <!-- yellow image -->
                <img dir="ltr" src="http://i.imgur.com/gNEE7s3.png" />
                <figcaption dir="ltr" >yellow caption
                  <span  dir="ltr" class="copyright">my yellow attr caption</span>
                </figcaption>
              </figure>
             <p>test para</p>
         	 <p>test para</p>
         	 <p>test para</p>
          	 <p>test para</p>
          </section>
		  <p>   وذكرت &quot;رودونغ سينمون&quot;، الصحيفة الرسمية لحزب العمال الحاكم في كوريا الشمالية: &quot;في حال توجيه ضربتنا الوقائية المهولة فلن تمحو فقط القوات الغازية الإمبريالية الأميركية تماما وعلى الفور في كوريا الجنوبية والمناطق المحيطة بها، بل في الأراضي الأميركية ذاتها، وتحولها إلى رماد&quot;.</p>
    ]]>
            </content:encoded>
            <media:content url="http://fshwebt.skynewsarabia.com/web/images/2017/04/20/926763/1416/800/1-926763.jpg">
                <media:thumbnail url="http://fshwebt.skynewsarabia.com/web/images/2017/04/20/926763/1416/800/1-926763.jpg" />
            </media:content>
        </item>
    </channel>
</rss>
