<?xml version="1.0" encoding="UTF-8"?>
<rss xmlns:content="http://purl.org/rss/1.0/modules/content/" xmlns:media="http://search.yahoo.com/mrss/" version="2.0">
  <channel>
    <title>Channel title</title>
    <link>http://fshwebt.skynewsarabia.com/web/home</link>
    <description>channel Desc</description>
    <language>en-us</language>
    <copyright>Copyright 2013, Sky News Arabia. All Rights Reserved</copyright>
    <lastBuildDate>Thu, 13 Apr 2017 08:28:22 GMT</lastBuildDate>
    <category>MyHome</category>
    <image>
      <title>channel image title</title>
      <url>http://fshwebt.skynewsarabia.com/web/asset/11.9/images/logo_tiny.png</url>
      <link>http://fshwebt.skynewsarabia.com/web/home</link>
      <width>12</width>
      <height>12</height>
    </image>
    <item>
      <title>666 Slide show test 2</title>
      <link>http://fshwebt.skynewsarabia.com/web/image_gallery/926680/</link>
      <description>test desc</description>
      <pubDate>Mon, 19 Apr 2017 05:39:21 GMT</pubDate>
      <guid isPermaLink="false">926680</guid>
      <content:encoded><![CDATA[
          <p>ولد الريحاني، الذي اشتهر بشخصية "كشكش بيه"، في 21 يناير عام 555</p>
          <section dir="rtl" class="type:slideshow">
              <figure  dir="rtl">
                <!-- orange image -->
                <img dir="rtl" src="http://i.imgur.com/lhNcWOr.png" />
                <figcaption dir="rtl" >orange caption
                  <span  dir="rtl" class="copyright">my orange attr caption</span>
                </figcaption>
              </figure>

              <figure dir="rtl">
                <!-- blue image -->
                <img dir="rtl" src="http://i.imgur.com/EZS7lTt.png" />
                <figcaption dir="rtl" >blue caption
                  <span  dir="rtl" class="copyright">my blue attr caption</span>
                </figcaption>
              </figure>

              <figure dir="rtl">
                <!-- yellow image -->
                <img dir="rtl" src="http://i.imgur.com/gNEE7s3.png" />
                <figcaption dir="rtl" >yellow caption
                  <span  dir="rtl" class="copyright">my yellow attr caption</span>
                </figcaption>
              </figure>
            <p>test para</p>
          <p>test para</p>
          <p>test para</p>
          <p>test para</p>
              
         </section>

          <p>ولد الريحاني، الذي اشتهر بشخصية "كشكش بيه"، في 21 يناير عام 555</p>

        ]]></content:encoded>
      
      <!-- rose -->
       <media:content url="http://i.imgur.com/s2wkjg2.png">
        <media:thumbnail url="http://i.imgur.com/s2wkjg2.png" />
        <media:description>This is rose</media:description>
      </media:content>
    </item>
    <item>
      <title>555 Slide show test 2</title>
      <link>http://fshwebt.skynewsarabia.com/web/image_gallery/926681/</link>
      <description>test desc</description>
      <pubDate>Mon, 19 Apr 2017 05:39:21 GMT</pubDate>
      <guid isPermaLink="false">926681</guid>
      <content:encoded><![CDATA[
          <p>test para</p>
          <p>test para</p>
          <p>test para</p>
          <p>test para</p>
          <p>ولد الريحاني، الذي اشتهر بشخصية "كشكش بيه"، في 21 يناير عام 555</p>
          <figure>
            <!-- red image -->
            <video  poster="http://i.imgur.com/hjLRqIR.png" src="http://fshwebt.skynewsarabia.com/media/videos/2017/03/11/LVO-191627SA-WEB-CHN-PANDA_2017-03-11_19%3A19%3A12.mp4" ></video>
            <figcaption>video red caption
              <span class="copyright">my red video attr caption</span>
            </figcaption>
          </figure>

          <section dir="rtl" class="type:slideshow">
              <figure  dir="rtl">
                <!-- orange image -->
                <img dir="rtl" src="http://i.imgur.com/lhNcWOr.png" />
                <figcaption dir="rtl" >orange caption
                  <span  dir="rtl" class="copyright">my orange attr caption</span>
                </figcaption>
              </figure>

              <figure dir="rtl">
                <!-- blue image -->
                <img dir="rtl" src="http://i.imgur.com/EZS7lTt.png" />
                <figcaption dir="rtl" >blue caption
                  <span  dir="rtl" class="copyright">my blue attr caption</span>
                </figcaption>
              </figure>

              <figure dir="rtl">
                <!-- yellow image -->
                <img dir="rtl" src="http://i.imgur.com/gNEE7s3.png" />
                <figcaption dir="rtl" >yellow caption
                  <span  dir="rtl" class="copyright">my yellow attr caption</span>
                </figcaption>
              </figure>
            <p>test para</p>
          <p>test para</p>
          <p>test para</p>
          <p>test para</p>
              
         </section>

          <p>ولد الريحاني، الذي اشتهر بشخصية "كشكش بيه"، في 21 يناير عام 555</p>

        ]]></content:encoded>
      
      <!-- rose -->
       <media:content url="http://i.imgur.com/s2wkjg2.png">
        <media:thumbnail url="http://i.imgur.com/s2wkjg2.png" />
        <media:description>This is rose</media:description>
      </media:content>
    </item>
    <item>
      <title>33 Slide show test 2</title>
      <link>http://fshwebt.skynewsarabia.com/web/image_gallery/926685/</link>
      <description>test desc</description>
      <pubDate>Mon, 19 Apr 2017 05:39:21 GMT</pubDate>
      <guid isPermaLink="false">926685</guid>
      <content:encoded><![CDATA[
          <p>test para</p>
          <p>test para</p>
          <p>test para</p>
          <p>test para</p>
          <p>ولد الريحاني، الذي اشتهر بشخصية "كشكش بيه"، في 21 يناير عام 555</p>
          <figure>
            <!-- red image -->
            <video  poster="http://i.imgur.com/hjLRqIR.png" src="http://fshwebt.skynewsarabia.com/media/videos/2017/03/11/LVO-191627SA-WEB-CHN-PANDA_2017-03-11_19%3A19%3A12.mp4" ></video>
            <figcaption>video red caption
              <span class="copyright">my red video attr caption</span>
            </figcaption>
          </figure>

          <section dir="rtl" class="type:slideshow">
              <figure  dir="rtl">
                <!-- orange image -->
                <img dir="rtl" src="http://i.imgur.com/lhNcWOr.png" />
                <figcaption dir="rtl" >orange caption
                  <span  dir="rtl" class="copyright">my orange attr caption</span>
                </figcaption>
              </figure>

              <figure dir="rtl">
                <!-- blue image -->
                <img dir="rtl" src="http://i.imgur.com/EZS7lTt.png" />
                <figcaption dir="rtl" >blue caption
                  <span  dir="rtl" class="copyright">my blue attr caption</span>
                </figcaption>
              </figure>

              <figure dir="rtl">
                <!-- yellow image -->
                <img dir="rtl" src="http://i.imgur.com/gNEE7s3.png" />
                <figcaption dir="rtl" >yellow caption
                  <span  dir="rtl" class="copyright">my yellow attr caption</span>
                </figcaption>
              </figure>
            <p>test para</p>
          <p>test para</p>
          <p>test para</p>
          <p>test para</p>
              
         </section>

          <p>ولد الريحاني، الذي اشتهر بشخصية "كشكش بيه"، في 21 يناير عام 555</p>

        ]]></content:encoded>
      
      <!-- rose -->
       <media:content url="http://i.imgur.com/s2wkjg2.png">
        <media:thumbnail url="http://i.imgur.com/s2wkjg2.png" />
        <media:description>This is rose</media:description>
      </media:content>
    </item>
   <item>
      <title>Slide show test</title>
      <link>http://fshwebt.skynewsarabia.com/web/image_gallery/926686/</link>
      <description>test desc</description>
      <pubDate>Mon, 19 Apr 2017 05:39:21 GMT</pubDate>
      <guid isPermaLink="false">926686</guid>
      <content:encoded><![CDATA[
          <p>ولد الريحاني، الذي اشتهر بشخصية "كشكش بيه"، في 21 يناير عام 555</p>

          <figure>
            <!-- red image -->
            <video  poster="http://i.imgur.com/hjLRqIR.png" src="http://fshwebt.skynewsarabia.com/media/videos/2017/03/11/LVO-191627SA-WEB-CHN-PANDA_2017-03-11_19%3A19%3A12.mp4" ></video>
            <figcaption>video red caption
              <span class="copyright">my red video attr caption</span>
            </figcaption>
          </figure>

          <section dir="ltr" class="type:slideshow">
              <figure  dir="ltr">
                <!-- orange image -->
                <img dir="ltr" src="http://i.imgur.com/lhNcWOr.png" />
                <figcaption >orange caption
                  <span class="copyright">my orange attr caption</span>
                </figcaption>
              </figure>

              <figure dir="ltr">
                <!-- blue image -->
                <img dir="ltr" src="http://i.imgur.com/EZS7lTt.png" />
                <figcaption >blue caption
                  <span class="copyright">my blue attr caption</span>
                </figcaption>
              </figure>

              <figure dir="ltr">
                <!-- yellow image -->
                <img dir="ltr" src="http://i.imgur.com/gNEE7s3.png" />
                <figcaption >yellow caption
                  <span class="copyright">my yellow attr caption</span>
                </figcaption>
              </figure>
         </section>

          <p>ولد الريحاني، الذي اشتهر بشخصية "كشكش بيه"، في 21 يناير عام 555</p>

        ]]></content:encoded>
      
      <!-- rose -->
       <media:content url="http://i.imgur.com/s2wkjg2.png">
        <media:thumbnail url="http://i.imgur.com/s2wkjg2.png" />
        <media:description>This is rose</media:description>
      </media:content>

     
    </item>

    <item>
      <title>44 Slide show test 2</title>
      <link>http://fshwebt.skynewsarabia.com/web/image_gallery/926684/</link>
      <description>test desc</description>
      <pubDate>Mon, 19 Apr 2017 05:39:21 GMT</pubDate>
      <guid isPermaLink="false">926684</guid>
      <content:encoded><![CDATA[
          <p>ولد الريحاني، الذي اشتهر بشخصية "كشكش بيه"، في 21 يناير عام 555</p>
          <figure>
            <!-- red image -->
            <video  poster="http://i.imgur.com/hjLRqIR.png" src="http://fshwebt.skynewsarabia.com/media/videos/2017/03/11/LVO-191627SA-WEB-CHN-PANDA_2017-03-11_19%3A19%3A12.mp4" ></video>
            <figcaption>video red caption
              <span class="copyright">my red video attr caption</span>
            </figcaption>
          </figure>
          <p>ولد الريحاني، الذي اشتهر بشخصية "كشكش بيه"، في 21 يناير عام 555</p>
          <p>ولد الريحاني، الذي اشتهر بشخصية "كشكش بيه"، في 21 يناير عام 555</p>
          <section dir="rtl" class="type:slideshow">
              <figure  dir="rtl">
                <!-- orange image -->
                <img dir="rtl" src="http://i.imgur.com/lhNcWOr.png" />
                <figcaption dir="rtl" >orange caption
                  <span  dir="rtl" class="copyright">my orange attr caption</span>
                </figcaption>
              </figure>

              <figure dir="rtl">
                <!-- blue image -->
                <img dir="rtl" src="http://i.imgur.com/EZS7lTt.png" />
                <figcaption dir="rtl" >blue caption
                  <span  dir="rtl" class="copyright">my blue attr caption</span>
                </figcaption>
              </figure>

              <figure dir="rtl">
                <!-- yellow image -->
                <img dir="rtl" src="http://i.imgur.com/gNEE7s3.png" />
                <figcaption dir="rtl" >yellow caption
                  <span  dir="rtl" class="copyright">my yellow attr caption</span>
                </figcaption>
              </figure>
         </section>

          <p>ولد الريحاني، الذي اشتهر بشخصية "كشكش بيه"، في 21 يناير عام 555</p>

        ]]></content:encoded>
      
      <!-- rose -->
       <media:content url="http://i.imgur.com/s2wkjg2.png">
        <media:thumbnail url="http://i.imgur.com/s2wkjg2.png" />
        <media:description>This is rose</media:description>
      </media:content>
    </item>
  </channel>
</rss>