<?xml version="1.0" encoding="UTF-8"?>
<rss xmlns:content="http://purl.org/rss/1.0/modules/content/" xmlns:media="http://search.yahoo.com/mrss/" version="2.0">
  <channel>
    <title>Channel title</title>
    <link>http://fshwebt.skynewsarabia.com/web/home</link>
    <description>channel Desc</description>
    <language>en-us</language>
    <copyright>Copyright 2013, Sky News Arabia. All Rights Reserved</copyright>
    <lastBuildDate>Thu, 16 Apr 2017 10:28:22 GMT</lastBuildDate>
    <category>MyHome</category>
    <image>
      <title>channel image title</title>
      <url>http://fshwebt.skynewsarabia.com/web/asset/11.9/images/logo_tiny.png</url>
      <link>http://fshwebt.skynewsarabia.com/web/home</link>
      <width>12</width>
      <height>12</height>
    </image>
    
  
    <item>
      <title>44 في المئة من سكانها يعانون من السمنة وفقا لأرقام 2012</title>
      <link>http://fshwebt.skynewsarabia.com/web/image_gallery/926690/44-%D8%A7%D9%84%D9%85%D9%8A%D9%94%D8%A9-%D8%B3%D9%83%D8%A7%D9%86%D9%87%D8%A7-%D9%8A%D8%B9%D8%A7%D9%86%D9%88%D9%86-%D8%A7%D9%84%D8%B3%D9%85%D9%86%D8%A9-%D9%88%D9%81%D9%82%D8%A7-%D9%84%D8%A7%D9%94%D8%B1%D9%82%D8%A7%D9%85-2012</link>
      <description>ويقول مؤسس فرقة دانزا فوليومينوزا خوان ميغيل ماس إن "الفتيات لا يأتين للاستوديو لإنقاص وزنهن، بل ليشعرن بأنهن راقصات باليه"، و"التعبير عن أنفسهن بالحركة</description>
      <pubDate>Tue, 16 Apr 2017 09:39:21 GMT</pubDate>
      <guid isPermaLink="false">926690</guid>
      <content:encoded><![CDATA[
          
        ]]></content:encoded>
        <media:content url="http://fshwebt.skynewsarabia.com/web/images/2017/04/10/926628/1200/676/1-926628.jpg">
          <media:description type="plain">My Description</media:description>
          <media:title type="plain">My Caption</media:title>
          <media:text type="plain" lang="en" >my caption</media:text>
          <media:thumbnail url="http://fshwebt.skynewsarabia.com/web/images/2017/04/10/926628/1200/676/1-926628.jpg" />
        </media:content>
        <media:content url="http://fshwebt.skynewsarabia.com/web/images/2017/04/10/926598/1200/676/1-926598.jpg">
          <media:description type="plain">My Description</media:description>
          <media:title type="plain">My Caption</media:title>
          <media:text type="plain" lang="en" >my caption</media:text>
          <media:thumbnail url="http://fshwebt.skynewsarabia.com/web/images/2017/04/10/926598/1200/676/1-926598.jpg" />
        </media:content>
        <media:content url="http://fshwebt.skynewsarabia.com/web/images/2017/04/10/926597/1200/676/1-926597.jpg">
          <media:description type="plain">My Description</media:description>
          <media:title type="plain">My Caption</media:title>
          <media:text type="plain" lang="en" >my caption</media:text>
          <media:thumbnail url="http://fshwebt.skynewsarabia.com/web/images/2017/04/10/926597/1200/676/1-926597.jpg" />
        </media:content>
        <media:content url="http://fshwebt.skynewsarabia.com/web/images/2017/04/10/926596/1200/676/1-926596.jpg">
          <media:description type="plain">My Description</media:description>
          <media:title type="plain">My Caption</media:title>
          <media:text type="plain" lang="en" >my caption</media:text>
          <media:thumbnail url="http://fshwebt.skynewsarabia.com/web/images/2017/04/10/926596/1200/676/1-926596.jpg" />
        </media:content>
    </item>
    <item>
      <title>66 في المئة من سكانها يعانون من السمنة وفقا لأرقام </title>
      <link>http://fshwebt.skynewsarabia.com/web/image_gallery/926690/44-%D8%A7%D9%84%D9%85%D9%8A%D9%94%D8%A9-%D8%B3%D9%83%D8%A7%D9%86%D9%87%D8%A7-%D9%8A%D8%B9%D8%A7%D9%86%D9%88%D9%86-%D8%A7%D9%84%D8%B3%D9%85%D9%86%D8%A9-%D9%88%D9%81%D9%82%D8%A7-%D9%84%D8%A7%D9%94%D8%B1%D9%82%D8%A7%D9%85-2012</link>
      <description>ويقول مؤسس فرقة دانزا فوليومينوزا خوان ميغيل ماس إن "الفتيات لا يأتين للاستوديو لإنقاص وزنهن، بل ليشعرن بأنهن راقصات باليه"، و"التعبير عن أنفسهن بالحركة</description>
      <pubDate>Tue, 16 Apr 2017 08:39:21 GMT</pubDate>
      <guid isPermaLink="false">926690</guid>
      <content:encoded><![CDATA[
          
        ]]></content:encoded>
        <media:content url="http://fshwebt.skynewsarabia.com/web/images/2017/04/10/926628/1200/676/1-926628.jpg">
          <media:description type="plain">My Description</media:description>
          <media:title type="plain">My Caption</media:title>
          <media:text type="plain" lang="en" >my caption</media:text>
          <media:thumbnail url="http://fshwebt.skynewsarabia.com/web/images/2017/04/10/926628/1200/676/1-926628.jpg" />
        </media:content>
        <media:content url="http://fshwebt.skynewsarabia.com/web/images/2017/04/10/926598/1200/676/1-926598.jpg">
          <media:description type="plain">My Description</media:description>
          <media:title type="plain">My Caption</media:title>
          <media:text type="plain" lang="en" >my caption</media:text>
          <media:thumbnail url="http://fshwebt.skynewsarabia.com/web/images/2017/04/10/926598/1200/676/1-926598.jpg" />
        </media:content>
        <media:content url="http://fshwebt.skynewsarabia.com/web/images/2017/04/10/926597/1200/676/1-926597.jpg">
          <media:description type="plain">My Description</media:description>
          <media:title type="plain">My Caption</media:title>
          <media:text type="plain" lang="en" >my caption</media:text>
          <media:thumbnail url="http://fshwebt.skynewsarabia.com/web/images/2017/04/10/926597/1200/676/1-926597.jpg" />
        </media:content>
        <media:content url="http://fshwebt.skynewsarabia.com/web/images/2017/04/10/926596/1200/676/1-926596.jpg">
          <media:description type="plain">My Description</media:description>
          <media:title type="plain">My Caption</media:title>
          <media:text type="plain" lang="en" >my caption</media:text>
          <media:thumbnail url="http://fshwebt.skynewsarabia.com/web/images/2017/04/10/926596/1200/676/1-926596.jpg" />
        </media:content>
    </item>
    
  </channel>
</rss>