<?xml version="1.0" encoding="UTF-8"?>
<rss xmlns:content="http://purl.org/rss/1.0/modules/content/" xmlns:media="http://search.yahoo.com/mrss/" version="2.0">
  <channel>
    <title>Channel title</title>
    <link>http://fshwebt.skynewsarabia.com/web/home</link>
    <description>channel Desc</description>
    <language>en-us</language>
    <copyright>Copyright 2013, Sky News Arabia. All Rights Reserved</copyright>
    <lastBuildDate>Thu, 13 Apr 2017 08:28:22 GMT</lastBuildDate>
    <category>MyHome</category>
    <image>
      <title>channel image title</title>
      <url>http://fshwebt.skynewsarabia.com/web/asset/11.9/images/logo_tiny.png</url>
      <link>http://fshwebt.skynewsarabia.com/web/home</link>
      <width>12</width>
      <height>12</height>
    </image>
    <item>
      <title>my item 1 title</title>
      <link>http://fshwebt.skynewsarabia.com/web/article/926698</link>
      <description>my item 1 desc</description>
      <pubDate><![CDATA[Updated 22 hours ago]]></pubDate>
      <guid isPermaLink="false">926698</guid>
      <content:encoded><![CDATA[
          <p>Testing1 Para</p>
          <p>Testing Para</p>
          <p>Testing Para</p>
          <p>Testing Para</p>
          <p>Testing Para</p>
          <figure>
            <img src="http://i.imgur.com/RYh8lge.png" />
            <figcaption>he he caption
              <span class="copyright">my attr hehehe</span>
            </figcaption>
          </figure>

        ]]></content:encoded>


      <media:content url="http://i.imgur.com/sMcPjOq.png">
        <media:thumbnail url="http://i.imgur.com/sMcPjOq.png" />
      </media:content>
    </item>

    <item>
      <title>my item 2 title</title>
      <link>http://fshwebt.skynewsarabia.com/web/article/926697</link>
      <description>my item 1 desc</description>
      <pubDate><![CDATA[Updated 22 hours ago]]></pubDate>
      <guid isPermaLink="false">926697</guid>
      <content:encoded><![CDATA[
          <p>Testing1 Para</p>
          <p>Testing Para</p>
          <p>Testing Para</p>
          <p>Testing Para</p>
          <p>Testing Para</p>
          <figure>
            <img src="http://i.imgur.com/RYh8lge.png" />
            <figcaption>he he caption
              <span class="copyright">my attr hehehe</span>
            </figcaption>
          </figure>
          <p>Testing Para</p>
          <p>Testing Para</p>
          <figure>
            <img src="http://i.imgur.com/OSfUbqc.png" />
            <figcaption>he he caption1
            </figcaption>
          </figure>


        ]]></content:encoded>


      <media:content url="http://i.imgur.com/sMcPjOq.png">
        <media:thumbnail url="http://i.imgur.com/sMcPjOq.png" />
      </media:content>

      <media:content url="http://i.imgur.com/N7KZs0Z.png">
        <media:thumbnail url="http://i.imgur.com/N7KZs0Z.png" />
        <media:title type="plain">The Judy's -- The Moo Song</media:title>
        <media:description type="plain">This was some really bizarre band I listened to as a young lad.</media:description>
        <media:keywords>kitty, cat, big dog, yarn, fluffy</media:keywords>
      </media:content>


    </item>

    <item>
      <title>my item 3 title</title>
      <link>http://fshwebt.skynewsarabia.com/web/article/926696</link>
      <description>my item 3 desc</description>
      <pubDate><![CDATA[Updated 22 hours ago]]></pubDate>
      <guid isPermaLink="false">926696</guid>
      <content:encoded><![CDATA[
          <p>Testing3 Para</p>
          <p>svsf Para</p>
          <p>Testsfvfing Para</p>
          <p>Testing Para</p>
          <p>Testssfbsing Para</p>
          <figure>
            <!-- grey -->
            <img src="http://i.imgur.com/RYh8lge.png" />
            <figcaption>he he caption
              <span class="copyright">my attr hehehe</span>
            </figcaption>
          </figure>

        ]]></content:encoded>


      <media:content url="http://i.imgur.com/sMcPjOq.png">
        <!-- red image -->
        <media:thumbnail url="http://i.imgur.com/sMcPjOq.png" />
      </media:content>
    </item>


    <item>
      <title>ولد الريحاني، الذي اشتهر بشخصية "كشكش بيه"، في 21 يناير عام title</title>
      <link>http://fshwebt.skynewsarabia.com/web/article/926695</link>
      <description>ولد الريحاني، الذي اشتهر بشخصية "كشكش بيه"، في 21 يناير عام desc</description>
      <pubDate>dac</pubDate>
      <guid isPermaLink="false">926695</guid>
      <content:encoded><![CDATA[
          <p>Testing3 Para</p>
          <p>ولد الريحاني، الذي اشتهر بشخصية "كشكش بيه"، في 21 يناير عام</p>
          <!-- erdo -->
          <video  poster="http://fshwebt.skynewsarabia.com/web/images/2017/04/10/926596/1000/563/1-926596.jpg" src="http://fshwebt.skynewsarabia.com/media/videos/2017/04/11/video_926671_1491920969998.mp4" ></video>
          <p>Testsfvfing Para</p>
          <p>Testing Para</p>
          <p>Testssfbsing Para</p>
          <figure>
            <!-- grey image -->
            <img src="http://i.imgur.com/RYh8lge.png" />
            <figcaption>he he caption
              <span class="copyright">my attr hehehe</span>
            </figcaption>
          </figure>
          <p>ولد الريحاني، الذي اشتهر بشخصية "كشكش بيه"، في 21 يناير عام</p>
        ]]></content:encoded>

      <media:content url="http://i.imgur.com/sMcPjOq.png">
        <!-- red image -->
        <media:thumbnail url="http://i.imgur.com/sMcPjOq.png" />
      </media:content>
      <media:content url="http://fshwebt.skynewsarabia.com/media/videos/2017/03/11/test-engineering-online-vers3_2017-03-11_10%3A46%3A12.mp4" medium="video">
        <media:title>Sample MP4 Video</media:title>
        <media:description><![CDATA[This is a sample MP4 video]]></media:description>
        <media:credit role="author" scheme="urn:ebu"><![CDATA[Warner Brothers]]></media:credit>
      </media:content>
    </item>
  
    <item>
      <title>55 ولد الريحاني، الذي اشتهر بشخصية "كشكش بيه"، في 21 يناير عام title5</title>
      <link>http://fshwebt.skynewsarabia.com/web/article/926694</link>
      <description>ولد الريحاني، الذي اشتهر بشخصية "كشكش بيه"، في 21 يناير عام desc5</description>
      <pubDate>Tue, 03 Jun 2015 09:39:21 GMT</pubDate>
      <guid isPermaLink="false">926694</guid>
      <content:encoded><![CDATA[
          <p>Testing3 Para</p>
          <p>ولد الريحاني، الذي اشتهر بشخصية "كشكش بيه"، في 21 يناير عام 555</p>
          <!-- erdo -->
          <video  poster="http://fshwebt.skynewsarabia.com/web/images/2017/04/10/926596/1000/563/1-926596.jpg" src="http://fshwebt.skynewsarabia.com/media/videos/2017/04/11/video_926671_1491920969998.mp4" ></video>
          <p>Testsfvfing Para</p>
          <p>Testing Para</p>
          <p>Testssfbsing Para</p>
          <figure>
            <!-- grey image -->
            <img src="http://i.imgur.com/RYh8lge.png" />
            <figcaption>he he caption
              <span class="copyright">my attr hehehe</span>
            </figcaption>
          </figure>
          <p>ولد الريحاني، الذي اشتهر بشخصية "كشكش بيه"، في 21 يناير عام</p>
        ]]></content:encoded>

      <media:content url="http://i.imgur.com/sMcPjOq.png">
        <!-- red image -->
        <media:thumbnail url="http://i.imgur.com/sMcPjOq.png" />
      </media:content>
      <media:content url="http://fshwebt.skynewsarabia.com/media/videos/2017/03/11/test-engineering-online-vers3_2017-03-11_10%3A46%3A12.mp4" medium="video">
        <media:title>Sample MP4 Video</media:title>
        <media:description><![CDATA[This is a sample MP4 video]]></media:description>
        <media:credit role="author" scheme="urn:ebu"><![CDATA[Warner Brothers]]></media:credit>
      </media:content>
    </item>

    <item>
      <title>66 ولد الريحاني، الذي اشتهر بشخصية "كشكش بيه"، في 21 يناير عام title 6</title>
      <link>http://fshwebt.skynewsarabia.com/web/article/926693</link>
      <description>ولد الريحاني، الذي اشتهر بشخصية "كشكش بيه"، في 21 يناير عام desc5</description>
      <pubDate>Tue, 03 Jun 2015 09:39:21 GMT</pubDate>
      <author>lawyer@boyer.net (Lawyer Boyer)</author>
      <guid isPermaLink="false">926693</guid>
      <content:encoded><![CDATA[
          <p>666</p>
          <p style="color:yellow">Testing3 Para yellow</p>
          <style>
            .redd{
              color:red;
            }
          </style>
          <p>ولد الريحاني، الذي اشتهر بشخصية "كشكش بيه"، في 21 يناير عام 555</p>
          <!-- erdo vdo missile photo-->
          <video  poster="http://fshwebt.skynewsarabia.com/web/images/2017/04/10/926596/1000/563/1-926596.jpg" src="http://fshwebt.skynewsarabia.com/media/videos/2017/04/11/video_926671_1491920969998.mp4" ></video>
          <p class="redd">Testsfvfing Para</p>
          <p>Testing Para</p>
          <p><a href="http://google.com">Testssfbsing Para</a></p>
          <figure>
            <!-- grey image -->
            <img src="http://i.imgur.com/RYh8lge.png" />
            <figcaption>he he caption
              <span class="copyright">my attr hehehe</span>
            </figcaption>
          </figure>

          <p>ولد الريحاني، الذي اشتهر بشخصية "كشكش بيه"، في 21 يناير عام</p>
        ]]></content:encoded>

      <media:content url="http://i.imgur.com/sMcPjOq.png">
        <!-- red image -->
        <media:thumbnail url="http://i.imgur.com/sMcPjOq.png" />
      </media:content>
      <media:content url="http://fshwebt.skynewsarabia.com/media/videos/2017/03/11/test-engineering-online-vers3_2017-03-11_10%3A46%3A12.mp4" medium="video">
        <media:title>Sample MP4 Video</media:title>
        <media:thumbnail url="http://i.imgur.com/sMcPjOq.png" />
        <media:description><![CDATA[This is a sample MP4 video]]></media:description>
        <media:credit role="author" scheme="urn:ebu"><![CDATA[Warner Brothers]]></media:credit>
      </media:content>
    </item>
    
    <item>
      <title>77 ولد الريحاني، الذي اشتهر بشخصية "كشكش بيه"، في 21 يناير عام title 7</title>
      <link>http://fshwebt.skynewsarabia.com/web/article/926692</link>
      <description>ولد الريحاني، الذي اشتهر بشخصية "كشكش بيه"، في 21 يناير عام desc7</description>
      <pubDate>Tue, 03 Jun 2015 09:39:21 GMT</pubDate>
      <author>lawyer@boyer.net (Lawyer Boyer)</author>
      <guid isPermaLink="false">926692</guid>
      <content:encoded><![CDATA[
          <p>666</p>
          <p style="color:green">Testing7 Para yellow</p>
          <style>
            .redd{
              color:red !important;
            }
          </style>
          <p>ولد الريحاني، الذي اشتهر بشخصية "كشكش بيه"، في 21 يناير عام 555</p>
          <!-- erdo vdo missile photo-->
          <video  poster="http://fshwebt.skynewsarabia.com/web/images/2017/04/10/926596/1000/563/1-926596.jpg" src="http://fshwebt.skynewsarabia.com/media/videos/2017/04/11/video_926671_1491920969998.mp4" ></video>
          <p class="redd">Testsfvfing Para red</p>
          <p>Testing Para</p>
          <p><a href="http://google.com">Testssfbsing Para</a></p>
          <figure>
            <!-- grey image -->
            <img src="http://i.imgur.com/RYh8lge.png" />
            <figcaption>he he caption
              <span class="copyright">my attr hehehe</span>
            </figcaption>
          </figure>

          <p>ولد الريحاني، الذي اشتهر بشخصية "كشكش بيه"، في 21 يناير عام</p>
        ]]></content:encoded>

      <media:content url="http://i.imgur.com/sMcPjOq.png">
        <!-- red image -->
        <media:thumbnail url="http://i.imgur.com/sMcPjOq.png" />
      </media:content>
      <media:content url="http://fshwebt.skynewsarabia.com/media/videos/2017/03/11/test-engineering-online-vers3_2017-03-11_10%3A46%3A12.mp4" medium="video">
        <media:title>Sample MP4 Video</media:title>
        <media:thumbnail url="http://i.imgur.com/sMcPjOq.png" />
        <media:description><![CDATA[This is a sample MP4 video]]></media:description>
        <media:credit role="author" scheme="urn:ebu"><![CDATA[Warner Brothers]]></media:credit>
      </media:content>
    </item>
    
  </channel>
</rss>