<?xml version="1.0" encoding="UTF-8"?>
<rss xmlns:content="http://purl.org/rss/1.0/modules/content/" xmlns:media="http://search.yahoo.com/mrss/" version="2.0">
  <channel>
    <title>Channel title</title>
    <link>http://fshwebt.skynewsarabia.com/web/home</link>
    <description>channel Desc</description>
    <language>en-us</language>
    <copyright>Copyright 2013, Sky News Arabia. All Rights Reserved</copyright>
    <lastBuildDate>Thu, 13 Apr 2017 08:28:22 GMT</lastBuildDate>
    <category>MyHome</category>
    <image>
      <title>channel image title</title>
      <url>http://fshwebt.skynewsarabia.com/web/asset/11.9/images/logo_tiny.png</url>
      <link>http://fshwebt.skynewsarabia.com/web/home</link>
      <width>12</width>
      <height>12</height>
    </image>
    <item>
      <title>my item 1 title</title>
      <link>http://fshwebt.skynewsarabia.com/web/article/926698</link>
      <description>my item 1 desc</description>
      <pubDate><![CDATA[Updated 22 hours ago]]></pubDate>
      <guid isPermaLink="false">926698</guid>
      <content:encoded><![CDATA[
          <p>Testing1 Para</p>
          <p>Testing Para</p>
          <p>Testing Para</p>
          <p>Testing Para</p>
          <p>Testing Para</p>
          <figure>
            <img src="http://i.imgur.com/RYh8lge.png" />
            <figcaption>he he caption
              <span class="copyright">my attr hehehe</span>
            </figcaption>
          </figure>

        ]]></content:encoded>


      <media:content url="http://i.imgur.com/sMcPjOq.png">
        <media:thumbnail url="http://i.imgur.com/sMcPjOq.png" />
      </media:content>
    </item>

    <item>
      <title>my item 2 title</title>
      <link>http://fshwebt.skynewsarabia.com/web/article/926697</link>
      <description>my item 1 desc</description>
      <pubDate><![CDATA[Updated 22 hours ago]]></pubDate>
      <guid isPermaLink="false">926697</guid>
      <content:encoded><![CDATA[
          <p>Testing1 Para</p>
          <p>Testing Para</p>
          <p>Testing Para</p>
          <p>Testing Para</p>
          <p>Testing Para</p>
          <figure>
            <img src="http://i.imgur.com/RYh8lge.png" />
            <figcaption>he he caption
              <span class="copyright">my attr hehehe</span>
            </figcaption>
          </figure>
          <p>Testing Para</p>
          <p>Testing Para</p>
          <figure>
            <img src="http://i.imgur.com/OSfUbqc.png" />
            <figcaption>he he caption1
            </figcaption>
          </figure>


        ]]></content:encoded>


      <media:content url="http://i.imgur.com/sMcPjOq.png">
        <media:thumbnail url="http://i.imgur.com/sMcPjOq.png" />
      </media:content>

      <media:content url="http://i.imgur.com/N7KZs0Z.png">
        <media:thumbnail url="http://i.imgur.com/N7KZs0Z.png" />
        <media:title type="plain">The Judy's -- The Moo Song</media:title>
        <media:description type="plain">This was some really bizarre band I listened to as a young lad.</media:description>
        <media:keywords>kitty, cat, big dog, yarn, fluffy</media:keywords>
      </media:content>


    </item>

    <item>
      <title>my item 3 title</title>
      <link>http://fshwebt.skynewsarabia.com/web/article/926696</link>
      <description>my item 3 desc</description>
      <pubDate><![CDATA[Updated 22 hours ago]]></pubDate>
      <guid isPermaLink="false">926696</guid>
      <content:encoded><![CDATA[
          <p>Testing3 Para</p>
          <p>svsf Para</p>
          <p>Testsfvfing Para</p>
          <p>Testing Para</p>
          <p>Testssfbsing Para</p>
          <figure>
            <!-- grey -->
            <img src="http://i.imgur.com/RYh8lge.png" />
            <figcaption>he he caption
              <span class="copyright">my attr hehehe</span>
            </figcaption>
          </figure>

        ]]></content:encoded>


      <media:content url="http://i.imgur.com/sMcPjOq.png">
        <!-- red image -->
        <media:thumbnail url="http://i.imgur.com/sMcPjOq.png" />
      </media:content>
    </item>


    <item>
      <title>ولد الريحاني، الذي اشتهر بشخصية "كشكش بيه"، في 21 يناير عام title</title>
      <link>http://fshwebt.skynewsarabia.com/web/article/926695</link>
      <description>ولد الريحاني، الذي اشتهر بشخصية "كشكش بيه"، في 21 يناير عام desc</description>
      <pubDate>dac</pubDate>
      <guid isPermaLink="false">926695</guid>
      <content:encoded><![CDATA[
          <p>Testing3 Para</p>
          <p>ولد الريحاني، الذي اشتهر بشخصية "كشكش بيه"، في 21 يناير عام</p>
          <!-- erdo -->
          <video  poster="http://fshwebt.skynewsarabia.com/web/images/2017/04/10/926596/1000/563/1-926596.jpg" src="http://fshwebt.skynewsarabia.com/media/videos/2017/04/11/video_926671_1491920969998.mp4" ></video>
          <p>Testsfvfing Para</p>
          <p>Testing Para</p>
          <p>Testssfbsing Para</p>
          <figure>
            <!-- grey image -->
            <img src="http://i.imgur.com/RYh8lge.png" />
            <figcaption>he he caption
              <span class="copyright">my attr hehehe</span>
            </figcaption>
          </figure>
          <p>ولد الريحاني، الذي اشتهر بشخصية "كشكش بيه"، في 21 يناير عام</p>
        ]]></content:encoded>

      <media:content url="http://i.imgur.com/sMcPjOq.png">
        <!-- red image -->
        <media:thumbnail url="http://i.imgur.com/sMcPjOq.png" />
      </media:content>
      <media:content url="http://fshwebt.skynewsarabia.com/media/videos/2017/03/11/test-engineering-online-vers3_2017-03-11_10%3A46%3A12.mp4" medium="video">
        <media:title>Sample MP4 Video</media:title>
        <media:description><![CDATA[This is a sample MP4 video]]></media:description>
        <media:credit role="author" scheme="urn:ebu"><![CDATA[Warner Brothers]]></media:credit>
      </media:content>
    </item>
  
    <item>
      <title>55 ولد الريحاني، الذي اشتهر بشخصية "كشكش بيه"، في 21 يناير عام title5</title>
      <link>http://fshwebt.skynewsarabia.com/web/article/926694</link>
      <description>ولد الريحاني، الذي اشتهر بشخصية "كشكش بيه"، في 21 يناير عام desc5</description>
      <pubDate>Tue, 03 Jun 2015 09:39:21 GMT</pubDate>
      <guid isPermaLink="false">926694</guid>
      <content:encoded><![CDATA[
          <p>Testing3 Para</p>
          <p>ولد الريحاني، الذي اشتهر بشخصية "كشكش بيه"، في 21 يناير عام 555</p>
          <!-- erdo -->
          <video  poster="http://fshwebt.skynewsarabia.com/web/images/2017/04/10/926596/1000/563/1-926596.jpg" src="http://fshwebt.skynewsarabia.com/media/videos/2017/04/11/video_926671_1491920969998.mp4" ></video>
          <p>Testsfvfing Para</p>
          <p>Testing Para</p>
          <p>Testssfbsing Para</p>
          <figure>
            <!-- grey image -->
            <img src="http://i.imgur.com/RYh8lge.png" />
            <figcaption>he he caption
              <span class="copyright">my attr hehehe</span>
            </figcaption>
          </figure>
          <p>ولد الريحاني، الذي اشتهر بشخصية "كشكش بيه"، في 21 يناير عام</p>
        ]]></content:encoded>

      <media:content url="http://i.imgur.com/sMcPjOq.png">
        <!-- red image -->
        <media:thumbnail url="http://i.imgur.com/sMcPjOq.png" />
      </media:content>
      <media:content url="http://fshwebt.skynewsarabia.com/media/videos/2017/03/11/test-engineering-online-vers3_2017-03-11_10%3A46%3A12.mp4" medium="video">
        <media:title>Sample MP4 Video</media:title>
        <media:description><![CDATA[This is a sample MP4 video]]></media:description>
        <media:credit role="author" scheme="urn:ebu"><![CDATA[Warner Brothers]]></media:credit>
      </media:content>
    </item>

    <item>
      <title>66 ولد الريحاني، الذي اشتهر بشخصية "كشكش بيه"، في 21 يناير عام title 6</title>
      <link>http://fshwebt.skynewsarabia.com/web/article/926693</link>
      <description>ولد الريحاني، الذي اشتهر بشخصية "كشكش بيه"، في 21 يناير عام desc5</description>
      <pubDate>Tue, 03 Jun 2015 09:39:21 GMT</pubDate>
      <author>lawyer@boyer.net (Lawyer Boyer)</author>
      <guid isPermaLink="false">926693</guid>
      <content:encoded><![CDATA[
          <p>666</p>
          <p style="color:yellow">Testing3 Para yellow</p>
          <style>
            .redd{
              color:red;
            }
          </style>
          <p>ولد الريحاني، الذي اشتهر بشخصية "كشكش بيه"، في 21 يناير عام 555</p>
          <!-- erdo vdo missile photo-->
          <video  poster="http://fshwebt.skynewsarabia.com/web/images/2017/04/10/926596/1000/563/1-926596.jpg" src="http://fshwebt.skynewsarabia.com/media/videos/2017/04/11/video_926671_1491920969998.mp4" ></video>
          <p class="redd">Testsfvfing Para</p>
          <p>Testing Para</p>
          <p><a href="http://google.com">Testssfbsing Para</a></p>
          <figure>
            <!-- grey image -->
            <img src="http://i.imgur.com/RYh8lge.png" />
            <figcaption>he he caption
              <span class="copyright">my attr hehehe</span>
            </figcaption>
          </figure>

          <p>ولد الريحاني، الذي اشتهر بشخصية "كشكش بيه"، في 21 يناير عام</p>
        ]]></content:encoded>

      <media:content url="http://i.imgur.com/sMcPjOq.png">
        <!-- red image -->
        <media:thumbnail url="http://i.imgur.com/sMcPjOq.png" />
      </media:content>
      <media:content url="http://fshwebt.skynewsarabia.com/media/videos/2017/03/11/test-engineering-online-vers3_2017-03-11_10%3A46%3A12.mp4" medium="video">
        <media:title>Sample MP4 Video</media:title>
        <media:thumbnail url="http://i.imgur.com/sMcPjOq.png" />
        <media:description><![CDATA[This is a sample MP4 video]]></media:description>
        <media:credit role="author" scheme="urn:ebu"><![CDATA[Warner Brothers]]></media:credit>
      </media:content>
    </item>
    
    <item>
      <title>77 ولد الريحاني، الذي اشتهر بشخصية "كشكش بيه"، في 21 يناير عام title 7</title>
      <link>http://fshwebt.skynewsarabia.com/web/article/926692</link>
      <description>ولد الريحاني، الذي اشتهر بشخصية "كشكش بيه"، في 21 يناير عام desc7</description>
      <pubDate>Tue, 03 Jun 2015 09:39:21 GMT</pubDate>
      <author>lawyer@boyer.net (Lawyer Boyer)</author>
      <guid isPermaLink="false">926692</guid>
      <content:encoded><![CDATA[
          <p>666</p>
          <p style="color:green">Testing7 Para yellow</p>
          <style>
            .redd{
              color:red !important;
            }
          </style>
          <p>ولد الريحاني، الذي اشتهر بشخصية "كشكش بيه"، في 21 يناير عام 555</p>
          <!-- erdo vdo missile photo-->
          <video  poster="http://fshwebt.skynewsarabia.com/web/images/2017/04/10/926596/1000/563/1-926596.jpg" src="http://fshwebt.skynewsarabia.com/media/videos/2017/04/11/video_926671_1491920969998.mp4" ></video>
          <p class="redd">Testsfvfing Para red</p>
          <p>Testing Para</p>
          <p><a href="http://google.com">Testssfbsing Para</a></p>
          <figure>
            <!-- grey image -->
            <img src="http://i.imgur.com/RYh8lge.png" />
            <figcaption>he he caption
              <span class="copyright">my attr hehehe</span>
            </figcaption>
          </figure>

          <p>ولد الريحاني، الذي اشتهر بشخصية "كشكش بيه"، في 21 يناير عام</p>
        ]]></content:encoded>

      <media:content url="http://i.imgur.com/sMcPjOq.png">
        <!-- red image -->
        <media:thumbnail url="http://i.imgur.com/sMcPjOq.png" />
      </media:content>
      <media:content url="http://fshwebt.skynewsarabia.com/media/videos/2017/03/11/test-engineering-online-vers3_2017-03-11_10%3A46%3A12.mp4" medium="video">
        <media:title>Sample MP4 Video</media:title>
        <media:thumbnail url="http://i.imgur.com/sMcPjOq.png" />
        <media:description><![CDATA[This is a sample MP4 video]]></media:description>
        <media:credit role="author" scheme="urn:ebu"><![CDATA[Warner Brothers]]></media:credit>
      </media:content>
    </item>

    

    <item>
      <title>Complete في المئة من سكانها يعانون من السمنة وفقا لأرقام 2012</title>
      <link>http://fshwebt.skynewsarabia.com/web/image_gallery/926689/</link>
      <description>ويقول مؤسس فرقة دانزا فوليومينوزا خوان ميغيل ماس إن "الفتيات لا يأتين للاستوديو لإنقاص وزنهن، بل ليشعرن بأنهن راقصات باليه"، و"التعبير عن أنفسهن بالحركة</description>
      <pubDate>Mon, 17 Apr 2017 09:39:21 GMT</pubDate>
      <guid isPermaLink="false">926689</guid>
      <content:encoded><![CDATA[
          <p>ولد الريحاني، الذي اشتهر بشخصية "كشكش بيه"، في 21 يناير عام 555</p>
          <p>ولد الريحاني، الذي اشتهر بشخصية "كشكش بيه"، في 21 يناير عام 555</p>
          <p>ولد الريحاني، الذي اشتهر بشخصية "كشكش بيه"، في 21 يناير عام 555</p>
          <p>ولد الريحاني، الذي اشتهر بشخصية "كشكش بيه"، في 21 يناير عام 555</p>

          <figure>
            <!-- red image -->
            <img src="http://i.imgur.com/qi99pWh.png" />
            <figcaption>red caption
              <span class="copyright">my red attr caption</span>
            </figcaption>
          </figure>

          <p>ولد الريحاني، الذي اشتهر بشخصية "كشكش بيه"، في 21 يناير عام 555</p>
          <video  poster="http://i.imgur.com/hjLRqIR.png" src="http://fshwebt.skynewsarabia.com/media/videos/2017/03/11/LVO-191627SA-WEB-CHN-PANDA_2017-03-11_19%3A19%3A12.mp4" ></video>
          <p>ولد الريحاني، الذي اشتهر بشخصية "كشكش بيه"، في 21 يناير عام 555</p>
          <figure>
            <!-- green image -->
            <img src="http://i.imgur.com/SU2yEli.png" />
            <figcaption>green caption
              <span class="copyright">my green attr caption</span>
            </figcaption>
          </figure>
          <p>ولد الريحاني، الذي اشتهر بشخصية "كشكش بيه"، في 21 يناير عام 555</p>
          <section class="type:slideshow">
              <figure>
                <!-- orange image -->
                <img src="http://i.imgur.com/lhNcWOr.png" />
                <figcaption>orange caption
                  <span class="copyright">my orange attr caption</span>
                </figcaption>
              </figure>

              <figure>
                <!-- blue image -->
                <img src="http://i.imgur.com/EZS7lTt.png" />
                <figcaption>blue caption
                  <span class="copyright">my blue attr caption</span>
                </figcaption>
              </figure>
         </section>

          <p>ولد الريحاني، الذي اشتهر بشخصية "كشكش بيه"، في 21 يناير عام 555</p>

        ]]></content:encoded>
      <!-- yellow -->
      <media:content url="http://i.imgur.com/gNEE7s3.png">
        <media:thumbnail url="http://i.imgur.com/gNEE7s3.png" />
        <media:description><![CDATA[This is yellow]]></media:description>
      </media:content>
      <!-- rose -->
       <media:content url="http://i.imgur.com/s2wkjg2.png">
        <media:thumbnail url="http://i.imgur.com/s2wkjg2.png" />
        <media:description>This is rose</media:description>
      </media:content>

      <!-- profile -->
       <media:content url="http://fshwebt.skynewsarabia.com/media/videos/2017/03/11/test-engineering-online-vers3_2017-03-11_10%3A46%3A12.mp4" medium="video">
        <media:title>Sample MP4 Profile Video</media:title>
        <media:thumbnail url="http://i.imgur.com/sMcPjOq.png" />
        <media:description>Sample MP4 Profile Video</media:description>
        <media:credit role="author" scheme="urn:ebu"><![CDATA[Warner Brothers]]></media:credit>
      </media:content>
      <!-- erdo -->
      <media:content url="http://fshwebt.skynewsarabia.com/media/videos/2017/04/11/video_926671_1491920969998.mp4">
        <media:thumbnail url="http://fshwebt.skynewsarabia.com/web/images/2017/04/10/926598/1200/676/1-926598.jpg" />
        <media:description>this is erdo vdo</media:description>
      </media:content>
      
    </item>

    <item>
      <title>Complete Imageفي المئة من سكانها يعانون من السمنة وفقا لأرقام 2012</title>
      <link>http://fshwebt.skynewsarabia.com/web/image_gallery/926688/</link>
      <description>ويقول مؤسس فرقة دانزا فوليومينوزا خوان ميغيل ماس إن "الفتيات لا يأتين للاستوديو لإنقاص وزنهن، بل ليشعرن بأنهن راقصات باليه"، و"التعبير عن أنفسهن بالحركة</description>
      <pubDate>Mon, 17 Apr 2017 09:39:21 GMT</pubDate>
      <guid isPermaLink="false">926688</guid>
      <content:encoded><![CDATA[
          <p>ولد الريحاني، الذي اشتهر بشخصية "كشكش بيه"، في 21 يناير عام 555</p>
          <p>ولد الريحاني، الذي اشتهر بشخصية "كشكش بيه"، في 21 يناير عام 555</p>
          <p>ولد الريحاني، الذي اشتهر بشخصية "كشكش بيه"، في 21 يناير عام 555</p>
          <p>ولد الريحاني، الذي اشتهر بشخصية "كشكش بيه"، في 21 يناير عام 555</p>

          <figure>
            <!-- red image -->
            <img src="http://i.imgur.com/qi99pWh.png" />
            <figcaption>red caption
              <span class="copyright">my red attr caption</span>
            </figcaption>
          </figure>

          <p>ولد الريحاني، الذي اشتهر بشخصية "كشكش بيه"، في 21 يناير عام 555</p>
          <p>ولد الريحاني، الذي اشتهر بشخصية "كشكش بيه"، في 21 يناير عام 555</p>
          <figure>
            <!-- green image -->
            <img src="http://i.imgur.com/SU2yEli.png" />
            <figcaption>green caption
              <span class="copyright">my green attr caption</span>
            </figcaption>
          </figure>
          <p>ولد الريحاني، الذي اشتهر بشخصية "كشكش بيه"، في 21 يناير عام 555</p>
          <section class="type:slideshow">
              <figure>
                <!-- orange image -->
                <img src="http://i.imgur.com/lhNcWOr.png" />
                <figcaption>orange caption
                  <span class="copyright">my orange attr caption</span>
                </figcaption>
              </figure>

              <figure>
                <!-- blue image -->
                <img src="http://i.imgur.com/EZS7lTt.png" />
                <figcaption>blue caption
                  <span class="copyright">my blue attr caption</span>
                </figcaption>
              </figure>
         </section>

          <p>ولد الريحاني، الذي اشتهر بشخصية "كشكش بيه"، في 21 يناير عام 555</p>

        ]]></content:encoded>
      <!-- yellow -->
      <media:content url="http://i.imgur.com/gNEE7s3.png">
        <media:thumbnail url="http://i.imgur.com/gNEE7s3.png" />
        <media:description><![CDATA[This is yellow]]></media:description>
      </media:content>
      <!-- rose -->
       <media:content url="http://i.imgur.com/s2wkjg2.png">
        <media:thumbnail url="http://i.imgur.com/s2wkjg2.png" />
        <media:description>This is rose</media:description>
      </media:content>

     
    </item>

    <item>
      <title>Video Figure في المئة من سكانها يعانون من السمنة وفقا لأرقام 2012</title>
      <link>http://fshwebt.skynewsarabia.com/web/image_gallery/926687/</link>
      <description>ويقول مؤسس فرقة دانزا فوليومينوزا خوان ميغيل ماس إن "الفتيات لا يأتين للاستوديو لإنقاص وزنهن، بل ليشعرن بأنهن راقصات باليه"، و"التعبير عن أنفسهن بالحركة</description>
      <pubDate>Mon, 19 Apr 2017 05:39:21 GMT</pubDate>
      <guid isPermaLink="false">926687</guid>
      <content:encoded><![CDATA[
          <p>ولد الريحاني، الذي اشتهر بشخصية "كشكش بيه"، في 21 يناير عام 555</p>
          <p>ولد الريحاني، الذي اشتهر بشخصية "كشكش بيه"، في 21 يناير عام 555</p>
          <p>ولد الريحاني، الذي اشتهر بشخصية "كشكش بيه"، في 21 يناير عام 555</p>
          <p>ولد الريحاني، الذي اشتهر بشخصية "كشكش بيه"، في 21 يناير عام 555</p>

          <figure>
            <!-- red image -->
            <video  poster="http://i.imgur.com/hjLRqIR.png" src="http://fshwebt.skynewsarabia.com/media/videos/2017/03/11/LVO-191627SA-WEB-CHN-PANDA_2017-03-11_19%3A19%3A12.mp4" ></video>
            <figcaption>video red caption
              <span class="copyright">my red video attr caption</span>
            </figcaption>
          </figure>

          <p>ولد الريحاني، الذي اشتهر بشخصية "كشكش بيه"، في 21 يناير عام 555</p>
          <p>ولد الريحاني، الذي اشتهر بشخصية "كشكش بيه"، في 21 يناير عام 555</p>
          <figure>
            <!-- green image -->
            <img src="http://i.imgur.com/SU2yEli.png" />
            <figcaption>green caption
              <span class="copyright">my green attr caption</span>
            </figcaption>
          </figure>
          <p>ولد الريحاني، الذي اشتهر بشخصية "كشكش بيه"، في 21 يناير عام 555</p>
          <section class="type:slideshow">
              <figure>
                <!-- orange image -->
                <img src="http://i.imgur.com/lhNcWOr.png" />
                <figcaption>orange caption
                  <span class="copyright">my orange attr caption</span>
                </figcaption>
              </figure>

              <figure>
                <!-- blue image -->
                <img src="http://i.imgur.com/EZS7lTt.png" />
                <figcaption>blue caption
                  <span class="copyright">my blue attr caption</span>
                </figcaption>
              </figure>
         </section>

          <p>ولد الريحاني، الذي اشتهر بشخصية "كشكش بيه"، في 21 يناير عام 555</p>

        ]]></content:encoded>
      <!-- yellow -->
      <media:content url="http://i.imgur.com/gNEE7s3.png">
        <media:thumbnail url="http://i.imgur.com/gNEE7s3.png" />
        <media:description>This is yellow</media:description>
      </media:content>
      <!-- rose -->
       <media:content url="http://i.imgur.com/s2wkjg2.png">
        <media:thumbnail url="http://i.imgur.com/s2wkjg2.png" />
        <media:description>This is rose</media:description>
      </media:content>

     
    </item>

    <item>
      <title>Slide show test</title>
      <link>http://fshwebt.skynewsarabia.com/web/image_gallery/926686/</link>
      <description>test desc</description>
      <pubDate>Mon, 19 Apr 2017 05:39:21 GMT</pubDate>
      <guid isPermaLink="false">926686</guid>
      <content:encoded><![CDATA[
          <p>test para</p>
          <p>test para</p>
          <p>test para</p>
          <p>test para</p>

          <figure>
            <!-- red image -->
            <video  poster="http://i.imgur.com/hjLRqIR.png" src="http://fshwebt.skynewsarabia.com/media/videos/2017/03/11/LVO-191627SA-WEB-CHN-PANDA_2017-03-11_19%3A19%3A12.mp4" ></video>
            <figcaption>video red caption
              <span class="copyright">my red video attr caption</span>
            </figcaption>
          </figure>

          <section dir="ltr" class="type:slideshow">
              <figure  dir="ltr">
                <!-- orange image -->
                <img dir="ltr" src="http://i.imgur.com/lhNcWOr.png" />
                <figcaption dir="ltr">orange caption
                  <span dir="ltr"class="copyright">my orange attr caption</span>
                </figcaption>
              </figure>

              <figure dir="ltr">
                <!-- blue image -->
                <img dir="ltr" src="http://i.imgur.com/EZS7lTt.png" />
                <figcaption dir="ltr">blue caption
                  <span dir="ltr"class="copyright">my blue attr caption</span>
                </figcaption>
              </figure>

              <figure dir="ltr">
                <!-- yellow image -->
                <img dir="ltr" src="http://i.imgur.com/gNEE7s3.png" />
                <figcaption dir="ltr">yellow caption
                  <span dir="ltr"class="copyright">my yellow attr caption</span>
                </figcaption>
              </figure>
         </section>

          <p>ولد الريحاني، الذي اشتهر بشخصية "كشكش بيه"، في 21 يناير عام 555</p>

        ]]></content:encoded>
      
      <!-- rose -->
       <media:content url="http://i.imgur.com/s2wkjg2.png">
        <media:thumbnail url="http://i.imgur.com/s2wkjg2.png" />
        <media:description>This is rose</media:description>
      </media:content>

     
    </item>

    <item>
      <title>33 Slide show test 2</title>
      <link>http://fshwebt.skynewsarabia.com/web/image_gallery/926685/</link>
      <description>test desc</description>
      <pubDate>Mon, 19 Apr 2017 05:39:21 GMT</pubDate>
      <guid isPermaLink="false">926685</guid>
      <content:encoded><![CDATA[
          <p>test para</p>
          <p>test para</p>
          <p>test para</p>
          <p>test para</p>

          <figure>
            <!-- red image -->
            <video  poster="http://i.imgur.com/hjLRqIR.png" src="http://fshwebt.skynewsarabia.com/media/videos/2017/03/11/LVO-191627SA-WEB-CHN-PANDA_2017-03-11_19%3A19%3A12.mp4" ></video>
            <figcaption>video red caption
              <span class="copyright">my red video attr caption</span>
            </figcaption>
          </figure>

          <section dir="rtl" class="type:slideshow">
              <figure  dir="rtl">
                <!-- orange image -->
                <img dir="rtl" src="http://i.imgur.com/lhNcWOr.png" />
                <figcaption dir="rtl" >orange caption
                  <span  dir="rtl" class="copyright">my orange attr caption</span>
                </figcaption>
              </figure>

              <figure dir="rtl">
                <!-- blue image -->
                <img dir="rtl" src="http://i.imgur.com/EZS7lTt.png" />
                <figcaption dir="rtl" >blue caption
                  <span  dir="rtl" class="copyright">my blue attr caption</span>
                </figcaption>
              </figure>

              <figure dir="rtl">
                <!-- yellow image -->
                <img dir="rtl" src="http://i.imgur.com/gNEE7s3.png" />
                <figcaption dir="rtl" >yellow caption
                  <span  dir="rtl" class="copyright">my yellow attr caption</span>
                </figcaption>
              </figure>
            <p>test para</p>
          <p>test para</p>
          <p>test para</p>
          <p>test para</p>
              
         </section>

          <p>ولد الريحاني، الذي اشتهر بشخصية "كشكش بيه"، في 21 يناير عام 555</p>

        ]]></content:encoded>
      
      <!-- rose -->
       <media:content url="http://i.imgur.com/s2wkjg2.png">
        <media:thumbnail url="http://i.imgur.com/s2wkjg2.png" />
        <media:description>This is rose</media:description>
      </media:content>

     
    </item>
    <item>
      <title>gg Video Medium في المئة من سكانها يعانون من السمنة وفقا لأرقام 2012</title>
      <link>http://fshwebt.skynewsarabia.com/web/image_gallery/926684/</link>
      <description>ويقول مؤسس فرقة دانزا فوليومينوزا خوان ميغيل ماس إن "الفتيات لا يأتين للاستوديو لإنقاص وزنهن، بل ليشعرن بأنهن راقصات باليه"، و"التعبير عن أنفسهن بالحركة</description>
      <pubDate>Mon, 17 Apr 2017 09:39:21 GMT</pubDate>
      <guid isPermaLink="false">926684</guid>
      <content:encoded><![CDATA[
          <p>ولد الريحاني، الذي اشتهر بشخصية "كشكش بيه"، في 21 يناير عام 555</p>
          <p>ولد الريحاني، الذي اشتهر بشخصية "كشكش بيه"، في 21 يناير عام 555</p>
          <p>ولد الريحاني، الذي اشتهر بشخصية "كشكش بيه"، في 21 يناير عام 555</p>
          <p>ولد الريحاني، الذي اشتهر بشخصية "كشكش بيه"، في 21 يناير عام 555</p>

          <figure>
            <!-- red image -->
            <img src="http://i.imgur.com/qi99pWh.png" />
            <figcaption>red caption
              <span class="copyright">my red attr caption</span>
            </figcaption>
          </figure>

          <p>ولد الريحاني، الذي اشتهر بشخصية "كشكش بيه"، في 21 يناير عام 555</p>
          <video  width="100%" poster="http://i.imgur.com/hjLRqIR.png" src="http://fshwebt.skynewsarabia.com/media/videos/2017/03/11/LVO-191627SA-WEB-CHN-PANDA_2017-03-11_19%3A19%3A12.mp4" ></video>
          <p>ولد الريحاني، الذي اشتهر بشخصية "كشكش بيه"، في 21 يناير عام 555</p>
          <figure>
            <!-- green image -->
            <img src="http://i.imgur.com/SU2yEli.png" />
            <figcaption>green caption
              <span class="copyright">my green attr caption</span>
            </figcaption>
          </figure>
          <p>ولد الريحاني، الذي اشتهر بشخصية "كشكش بيه"، في 21 يناير عام 555</p>
          <section class="type:slideshow">
              <figure>
                <!-- orange image -->
                <img src="http://i.imgur.com/lhNcWOr.png" />
                <figcaption>orange caption
                  <span class="copyright">my orange attr caption</span>
                </figcaption>
              </figure>

              <figure>
                <!-- blue image -->
                <img src="http://i.imgur.com/EZS7lTt.png" />
                <figcaption>blue caption
                  <span class="copyright">my blue attr caption</span>
                </figcaption>
              </figure>
         </section>

          <p>ولد الريحاني، الذي اشتهر بشخصية "كشكش بيه"، في 21 يناير عام 555</p>

        ]]></content:encoded>
      <!-- yellow -->
      <media:content url="http://i.imgur.com/gNEE7s3.png">
        <media:thumbnail url="http://i.imgur.com/gNEE7s3.png" />
        <media:description><![CDATA[This is yellow]]></media:description>
      </media:content>
      <!-- rose -->
       <media:content url="http://i.imgur.com/s2wkjg2.png">
        <media:thumbnail url="http://i.imgur.com/s2wkjg2.png" />
        <media:description>This is rose</media:description>
      </media:content>

      <!-- profile -->
       <media:content url="http://fshwebt.skynewsarabia.com/media/videos/2017/03/11/test-engineering-online-vers3_2017-03-11_10%3A46%3A12.mp4" medium="video"   height="100%" width="100%">
        <media:title>Sample MP4 Profile Video</media:title>
        <media:thumbnail url="http://i.imgur.com/sMcPjOq.png" />
        <media:description>Sample MP4 Profile Video</media:description>
        <media:credit role="author" scheme="urn:ebu"><![CDATA[Warner Brothers]]></media:credit>
      </media:content>
      <!-- erdo -->
      <media:content medium="video"  height="100%" width="100%" url="http://fshwebt.skynewsarabia.com/media/videos/2017/04/11/video_926671_1491920969998.mp4">
        <media:thumbnail url="http://fshwebt.skynewsarabia.com/web/images/2017/04/10/926598/1200/676/1-926598.jpg" />
        <media:description>this is erdo vdo</media:description>
      </media:content>
      
    </item>

    <item>
      <title>rr no thumb Video Medium في المئة من سكانها يعانون من السمنة وفقا لأرقام 2012</title>
      <link>http://fshwebt.skynewsarabia.com/web/image_gallery/926683/</link>
      <description>ويقول مؤسس فرقة دانزا فوليومينوزا خوان ميغيل ماس إن "الفتيات لا يأتين للاستوديو لإنقاص وزنهن، بل ليشعرن بأنهن راقصات باليه"، و"التعبير عن أنفسهن بالحركة</description>
      <pubDate>Mon, 17 Apr 2017 09:39:21 GMT</pubDate>
      <guid isPermaLink="false">926683</guid>
      <content:encoded><![CDATA[
          <p>ولد الريحاني، الذي اشتهر بشخصية "كشكش بيه"، في 21 يناير عام 555</p>
          <p>ولد الريحاني، الذي اشتهر بشخصية "كشكش بيه"، في 21 يناير عام 555</p>
          <p>ولد الريحاني، الذي اشتهر بشخصية "كشكش بيه"، في 21 يناير عام 555</p>
          <p>ولد الريحاني، الذي اشتهر بشخصية "كشكش بيه"، في 21 يناير عام 555</p>

          <figure>
            <!-- red image -->
            <img src="http://i.imgur.com/qi99pWh.png" />
            <figcaption>red caption
              <span class="copyright">my red attr caption</span>
            </figcaption>
          </figure>

          <p>ولد الريحاني، الذي اشتهر بشخصية "كشكش بيه"، في 21 يناير عام 555</p>
          <video  width="100%" src="http://fshwebt.skynewsarabia.com/media/videos/2017/03/11/LVO-191627SA-WEB-CHN-PANDA_2017-03-11_19%3A19%3A12.mp4" ></video>
          <p>ولد الريحاني، الذي اشتهر بشخصية "كشكش بيه"، في 21 يناير عام 555</p>
          <figure>
            <!-- green image -->
            <img src="http://i.imgur.com/SU2yEli.png" />
            <figcaption>green caption
              <span class="copyright">my green attr caption</span>
            </figcaption>
          </figure>
          <p>ولد الريحاني، الذي اشتهر بشخصية "كشكش بيه"، في 21 يناير عام 555</p>
          <section class="type:slideshow">
              <figure>
                <!-- orange image -->
                <img src="http://i.imgur.com/lhNcWOr.png" />
                <figcaption>orange caption
                  <span class="copyright">my orange attr caption</span>
                </figcaption>
              </figure>

              <figure>
                <!-- blue image -->
                <img src="http://i.imgur.com/EZS7lTt.png" />
                <figcaption>blue caption
                  <span class="copyright">my blue attr caption</span>
                </figcaption>
              </figure>
         </section>

          <p>ولد الريحاني، الذي اشتهر بشخصية "كشكش بيه"، في 21 يناير عام 555</p>

        ]]></content:encoded>
      <!-- yellow -->
      <media:content url="http://i.imgur.com/gNEE7s3.png">
        <media:thumbnail url="http://i.imgur.com/gNEE7s3.png" />
        <media:description><![CDATA[This is yellow]]></media:description>
      </media:content>
      <!-- rose -->
       <media:content url="http://i.imgur.com/s2wkjg2.png">
        <media:thumbnail url="http://i.imgur.com/s2wkjg2.png" />
        <media:description>This is rose</media:description>
      </media:content>

      <!-- profile -->
       <media:content url="http://fshwebt.skynewsarabia.com/media/videos/2017/03/11/test-engineering-online-vers3_2017-03-11_10%3A46%3A12.mp4" medium="video"   height="100%" width="100%">
        <media:title>Sample MP4 Profile Video</media:title>
        <media:description>Sample MP4 Profile Video</media:description>
        <media:credit role="author" scheme="urn:ebu"><![CDATA[Warner Brothers]]></media:credit>
      </media:content>
      <!-- erdo -->
      <media:content medium="video"  height="100%" width="100%" url="http://media.skynewsarabia.com/media/videos/2017/04/16/CLIP-234622SU-WEB-TUR-YILDIRIM-REFERANDUM-CLIP_2017-04-16_23%3A48%3A12.mp4">
        <media:thumbnail width="1200"  height="676" url="http://fshwebt.skynewsarabia.com/web/images/2017/04/10/926598/1200/676/1-926598.jpg" />
        <media:description>this is erdo vdo</media:description>
      </media:content>
      
    </item>

     <item>
      <title>new no thumb Video Medium في المئة من سكانها يعانون من السمنة وفقا لأرقام 2012</title>
      <link>http://fshwebt.skynewsarabia.com/web/image_gallery/926682/</link>
      <description>ويقول مؤسس فرقة دانزا فوليومينوزا خوان ميغيل ماس إن "الفتيات لا يأتين للاستوديو لإنقاص وزنهن، بل ليشعرن بأنهن راقصات باليه"، و"التعبير عن أنفسهن بالحركة</description>
      <pubDate>Mon, 17 Apr 2017 09:39:21 GMT</pubDate>
      <guid isPermaLink="false">926682</guid>
      <content:encoded><![CDATA[
          <p>ولد الريحاني، الذي اشتهر بشخصية "كشكش بيه"، في 21 يناير عام 555</p>
          <p>ولد الريحاني، الذي اشتهر بشخصية "كشكش بيه"، في 21 يناير عام 555</p>
          <p>ولد الريحاني، الذي اشتهر بشخصية "كشكش بيه"، في 21 يناير عام 555</p>
          <p>ولد الريحاني، الذي اشتهر بشخصية "كشكش بيه"، في 21 يناير عام 555</p>

          <figure>
            <!-- red image -->
            <img src="http://i.imgur.com/qi99pWh.png" />
            <figcaption>red caption
              <span class="copyright">my red attr caption</span>
            </figcaption>
          </figure>

          <p>ولد الريحاني، الذي اشتهر بشخصية "كشكش بيه"، في 21 يناير عام 555</p>
          <video   src="http://fshwebt.skynewsarabia.com/media/videos/2017/03/11/LVO-191627SA-WEB-CHN-PANDA_2017-03-11_19%3A19%3A12.mp4" ></video>
          <p>ولد الريحاني، الذي اشتهر بشخصية "كشكش بيه"، في 21 يناير عام 555</p>
          <figure>
            <!-- green image -->
            <img src="http://i.imgur.com/SU2yEli.png" />
            <figcaption>green caption
              <span class="copyright">my green attr caption</span>
            </figcaption>
          </figure>
          <p>ولد الريحاني، الذي اشتهر بشخصية "كشكش بيه"، في 21 يناير عام 555</p>
          <section class="type:slideshow">
              <figure>
                <!-- orange image -->
                <img src="http://i.imgur.com/lhNcWOr.png" />
                <figcaption>orange caption
                  <span class="copyright">my orange attr caption</span>
                </figcaption>
              </figure>

              <figure>
                <!-- blue image -->
                <img src="http://i.imgur.com/EZS7lTt.png" />
                <figcaption>blue caption
                  <span class="copyright">my blue attr caption</span>
                </figcaption>
              </figure>
         </section>

          <p>ولد الريحاني، الذي اشتهر بشخصية "كشكش بيه"، في 21 يناير عام 555</p>

        ]]></content:encoded>
      <!-- yellow -->
      <media:content url="http://i.imgur.com/gNEE7s3.png">
        <media:thumbnail url="http://i.imgur.com/gNEE7s3.png" />
        <media:description><![CDATA[This is yellow]]></media:description>
      </media:content>
      <!-- rose -->
       <media:content url="http://i.imgur.com/s2wkjg2.png">
        <media:thumbnail url="http://i.imgur.com/s2wkjg2.png" />
        <media:description>This is rose</media:description>
      </media:content>

      
      <!-- erdo -->
      <media:content medium="video"  width="100%" url="http://media.skynewsarabia.com/media/videos/2017/04/16/VT-181316SU-WEB-REA-MISSILES-HAWAMDA_2017-04-16_18%3A16%3A11.mp4">
        <media:thumbnail width="1200"  height="676" url="http://fshwebt.skynewsarabia.com/web/images/2017/04/10/926598/1200/676/1-926598.jpg" />
        <media:description>this is erdo vdo</media:description>
      </media:content>
      
    </item>
     <item>
      <title>fresh thumb Video Medium في المئة من سكانها يعانون من السمنة وفقا لأرقام 2012</title>
      <link>http://fshwebt.skynewsarabia.com/web/image_gallery/926681/</link>
      <description>ويقول مؤسس فرقة دانزا فوليومينوزا خوان ميغيل ماس إن "الفتيات لا يأتين للاستوديو لإنقاص وزنهن، بل ليشعرن بأنهن راقصات باليه"، و"التعبير عن أنفسهن بالحركة</description>
      <pubDate>Mon, 17 Apr 2017 09:39:21 GMT</pubDate>
      <guid isPermaLink="false">926681</guid>
      <content:encoded><![CDATA[
          <p>ولد الريحاني، الذي اشتهر بشخصية "كشكش بيه"، في 21 يناير عام 555</p>
          <p>ولد الريحاني، الذي اشتهر بشخصية "كشكش بيه"، في 21 يناير عام 555</p>
          <p>ولد الريحاني، الذي اشتهر بشخصية "كشكش بيه"، في 21 يناير عام 555</p>
          <p>ولد الريحاني، الذي اشتهر بشخصية "كشكش بيه"، في 21 يناير عام 555</p>

          <figure>
            <!-- red image -->
            <img src="http://i.imgur.com/qi99pWh.png" />
            <figcaption>red caption
              <span class="copyright">my red attr caption</span>
            </figcaption>
          </figure>

          <p>ولد الريحاني، الذي اشتهر بشخصية "كشكش بيه"، في 21 يناير عام 555</p>
          <video  width="640px" height="360px"  src="http://media.skynewsarabia.com/media/videos/2017/04/16/VT-080203SU-WEB-CLA-TRUMP-CL_2017-04-16_08%3A05%3A12.mp4" ></video>
          <p>ولد الريحاني، الذي اشتهر بشخصية "كشكش بيه"، في 21 يناير عام 555</p>
          <figure>
            <!-- green image -->
            <img src="http://i.imgur.com/SU2yEli.png" />
            <figcaption>green caption
              <span class="copyright">my green attr caption</span>
            </figcaption>
          </figure>
          <p>ولد الريحاني، الذي اشتهر بشخصية "كشكش بيه"، في 21 يناير عام 555</p>
          <section class="type:slideshow">
              <figure>
                <!-- orange image -->
                <img src="http://i.imgur.com/lhNcWOr.png" />
                <figcaption>orange caption
                  <span class="copyright">my orange attr caption</span>
                </figcaption>
              </figure>

              <figure>
                <!-- blue image -->
                <img src="http://i.imgur.com/EZS7lTt.png" />
                <figcaption>blue caption
                  <span class="copyright">my blue attr caption</span>
                </figcaption>
              </figure>
         </section>

          <p>ولد الريحاني، الذي اشتهر بشخصية "كشكش بيه"، في 21 يناير عام 555</p>

        ]]></content:encoded>
      <!-- yellow -->
      <media:content url="http://i.imgur.com/gNEE7s3.png">
        <media:thumbnail url="http://i.imgur.com/gNEE7s3.png" />
        <media:description><![CDATA[This is yellow]]></media:description>
      </media:content>
      <!-- rose -->
       <media:content url="http://i.imgur.com/s2wkjg2.png">
        <media:thumbnail url="http://i.imgur.com/s2wkjg2.png" />
        <media:description>This is rose</media:description>
      </media:content>

      
      <!-- erdo -->
      <media:content medium="video"  width="640" height="360" url="http://media.skynewsarabia.com/media/videos/2017/04/16/VT-124613SU-WEB-TUR-ERDOGAN-HAWAMDA_2017-04-16_12%3A51%3A12.mp4">
        <media:description>this is erdo vdo</media:description>
      </media:content>
      
    </item>

    <item>
      <title>hello11 thumb Video Medium في المئة من سكانها يعانون من السمنة وفقا لأرقام 2012</title>
      <link>http://fshwebt.skynewsarabia.com/web/image_gallery/926680/</link>
      <description>ويقول مؤسس فرقة دانزا فوليومينوزا خوان ميغيل ماس إن "الفتيات لا يأتين للاستوديو لإنقاص وزنهن، بل ليشعرن بأنهن راقصات باليه"، و"التعبير عن أنفسهن بالحركة</description>
      <pubDate>Mon, 19 Apr 2017 09:40:21 GMT</pubDate>
      <guid isPermaLink="false">926680</guid>
      <content:encoded><![CDATA[
          <p>ولد الريحاني، الذي اشتهر بشخصية "كشكش بيه"، في 21 يناير عام 555</p>
          <p>ولد الريحاني، الذي اشتهر بشخصية "كشكش بيه"، في 21 يناير عام 555</p>
          <p>ولد الريحاني، الذي اشتهر بشخصية "كشكش بيه"، في 21 يناير عام 555</p>
          <p>ولد الريحاني، الذي اشتهر بشخصية "كشكش بيه"، في 21 يناير عام 555</p>

          <figure>
            <!-- red image -->
            <img src="http://i.imgur.com/qi99pWh.png" />
            <figcaption>red caption
              <span class="copyright">my red attr caption</span>
            </figcaption>
          </figure>

          <p>ولد الريحاني، الذي اشتهر بشخصية "كشكش بيه"، في 21 يناير عام 555</p>
          <video  width="640px" height="360px"  src="http://media.skynewsarabia.com/media/videos/2017/04/16/VT-080203SU-WEB-CLA-TRUMP-CL_2017-04-16_08%3A05%3A12.mp4" ></video>
          <p>ولد الريحاني، الذي اشتهر بشخصية "كشكش بيه"، في 21 يناير عام 555</p>
          <figure>
            <!-- green image -->
            <img src="http://i.imgur.com/SU2yEli.png" />
            <figcaption>green caption
              <span class="copyright">my green attr caption</span>
            </figcaption>
          </figure>
          <p>ولد الريحاني، الذي اشتهر بشخصية "كشكش بيه"، في 21 يناير عام 555</p>
          <section class="type:slideshow">
              <figure>
                <!-- orange image -->
                <img src="http://i.imgur.com/lhNcWOr.png" />
                <figcaption>orange caption
                  <span class="copyright">my orange attr caption</span>
                </figcaption>
              </figure>

              <figure>
                <!-- blue image -->
                <img src="http://i.imgur.com/EZS7lTt.png" />
                <figcaption>blue caption
                  <span class="copyright">my blue attr caption</span>
                </figcaption>
              </figure>
         </section>

          <p>ولد الريحاني، الذي اشتهر بشخصية "كشكش بيه"، في 21 يناير عام 555</p>

        ]]></content:encoded>
      <!-- yellow -->
      <media:content url="http://i.imgur.com/gNEE7s3.png">
        <media:thumbnail url="http://i.imgur.com/gNEE7s3.png" />
        <media:description><![CDATA[This is yellow]]></media:description>
      </media:content>
      <!-- rose -->
       <media:content url="http://i.imgur.com/s2wkjg2.png">
        <media:thumbnail url="http://i.imgur.com/s2wkjg2.png" />
        <media:description>This is rose</media:description>
      </media:content>

      
      <!-- erdo -->
      <media:content medium="video"  width="640" height="360" url="http://media.skynewsarabia.com/media/videos/2017/04/16/VT-124613SU-WEB-TUR-ERDOGAN-HAWAMDA_2017-04-16_12%3A51%3A12.mp4">
        <media:description>this is erdo vdo</media:description>
      </media:content>
      
    </item>

    <item>
      <title>hello22 thumb Video Medium في المئة من سكانها يعانون من السمنة وفقا لأرقام 2012</title>
      <link>http://fshwebt.skynewsarabia.com/web/image_gallery/926679/</link>
      <description>ويقول مؤسس فرقة دانزا فوليومينوزا خوان ميغيل ماس إن "الفتيات لا يأتين للاستوديو لإنقاص وزنهن، بل ليشعرن بأنهن راقصات باليه"، و"التعبير عن أنفسهن بالحركة</description>
      <pubDate>Mon, 19 Apr 2017 09:39:21 GMT</pubDate>
      <guid isPermaLink="false">926679</guid>
      <content:encoded><![CDATA[
          <p>ولد الريحاني، الذي اشتهر بشخصية "كشكش بيه"، في 21 يناير عام 555</p>
          <p>ولد الريحاني، الذي اشتهر بشخصية "كشكش بيه"، في 21 يناير عام 555</p>
          <p>ولد الريحاني، الذي اشتهر بشخصية "كشكش بيه"، في 21 يناير عام 555</p>
          <p>ولد الريحاني، الذي اشتهر بشخصية "كشكش بيه"، في 21 يناير عام 555</p>

          <figure>
            <!-- red image -->
            <img src="http://i.imgur.com/qi99pWh.png" />
            <figcaption>red caption
              <span class="copyright">my red attr caption</span>
            </figcaption>
          </figure>

          <p>ولد الريحاني، الذي اشتهر بشخصية "كشكش بيه"، في 21 يناير عام 555</p>
          <video width="640px" height="360px"  poster="http://fshwebt.skynewsarabia.com/web/images/2017/04/10/926598/800/450/1-926598.jpg" src="http://media.skynewsarabia.com/media/videos/2017/04/16/VT-080203SU-WEB-CLA-TRUMP-CL_2017-04-16_08%3A05%3A12.mp4" ></video>
          <p>ولد الريحاني، الذي اشتهر بشخصية "كشكش بيه"، في 21 يناير عام 555</p>
          <figure>
            <!-- green image -->
            <img src="http://i.imgur.com/SU2yEli.png" />
            <figcaption>green caption
              <span class="copyright">my green attr caption</span>
            </figcaption>
          </figure>
          <p>ولد الريحاني، الذي اشتهر بشخصية "كشكش بيه"، في 21 يناير عام 555</p>
          <section class="type:slideshow">
              <figure>
                <!-- orange image -->
                <img src="http://i.imgur.com/lhNcWOr.png" />
                <figcaption>orange caption
                  <span class="copyright">my orange attr caption</span>
                </figcaption>
              </figure>

              <figure>
                <!-- blue image -->
                <img src="http://i.imgur.com/EZS7lTt.png" />
                <figcaption>blue caption
                  <span class="copyright">my blue attr caption</span>
                </figcaption>
              </figure>
         </section>

          <p>ولد الريحاني، الذي اشتهر بشخصية "كشكش بيه"، في 21 يناير عام 555</p>

        ]]></content:encoded>
      <!-- yellow -->
      <media:content url="http://i.imgur.com/gNEE7s3.png">
        <media:thumbnail url="http://i.imgur.com/gNEE7s3.png" />
        <media:description><![CDATA[This is yellow]]></media:description>
      </media:content>
      <!-- rose -->
       <media:content url="http://i.imgur.com/s2wkjg2.png">
        <media:thumbnail url="http://i.imgur.com/s2wkjg2.png" />
        <media:description>This is rose</media:description>
      </media:content>

      
      <!-- erdo -->
      <media:content medium="video"  width="640" height="360" url="http://media.skynewsarabia.com/media/videos/2017/04/16/VT-124613SU-WEB-TUR-ERDOGAN-HAWAMDA_2017-04-16_12%3A51%3A12.mp4">
        <media:thumbnail width="800"  height="450" url="http://www.skynewsarabia.com/web/images/2017/04/16/940936/800/450/1-940936.jpg" />
        <media:description>this is erdo vdo</media:description>
      </media:content>
      
    </item>
  </channel>
</rss>